
					DATA RECEIVED
					SOURCE:  Indonesia
					DEST:    New Zealand
					IN LINK: 3
					SEQ NO:  0
					FORWARDING FRAME
					VIA LINK: 2

ACK TRANSMITTED
SOURCE: Australia
THROUGH LINK: 3
TO: Indonesia
SEQUENCE: 0

DATA TRANSMITTED
SOURCE: Indonesia
DEST: New Zealand
THROUGH LINK: 2
SEQUENCE: 0

					ACK RECEIVED
					DEST:    Australia
					IN LINK: 2
					SEQ NO:  0

					DATA RECEIVED
					SOURCE:  Fiji
					DEST:    Australia
					IN LINK: 1
					SEQ NO:  0
					UP TO APPLICATION

ACK TRANSMITTED
SOURCE: Australia
THROUGH LINK: 1
TO: Fiji
SEQUENCE: 0

					DATA RECEIVED
					SOURCE:  New Zealand
					DEST:    Fiji
					IN LINK: 2
					SEQ NO:  0
					FORWARDING FRAME
					VIA LINK: 1

ACK TRANSMITTED
SOURCE: Australia
THROUGH LINK: 2
TO: New Zealand
SEQUENCE: 0

DATA TRANSMITTED
SOURCE: New Zealand
DEST: Fiji
THROUGH LINK: 1
SEQUENCE: 0

					ACK RECEIVED
					DEST:    Australia
					IN LINK: 1
					SEQ NO:  0

					DATA RECEIVED
					SOURCE:  New Zealand
					DEST:    Malaysia
					IN LINK: 2
					SEQ NO:  1
					FORWARDING FRAME
					VIA LINK: 3

ACK TRANSMITTED
SOURCE: Australia
THROUGH LINK: 2
TO: New Zealand
SEQUENCE: 1

DATA TRANSMITTED
SOURCE: New Zealand
DEST: Malaysia
THROUGH LINK: 3
SEQUENCE: 0

					DATA RECEIVED
					SOURCE:  New Zealand
					DEST:    Fiji
					IN LINK: 2
					SEQ NO:  2
					FORWARDING FRAME
					VIA LINK: 1

ACK TRANSMITTED
SOURCE: Australia
THROUGH LINK: 2
TO: New Zealand
SEQUENCE: 2

DATA TRANSMITTED
SOURCE: New Zealand
DEST: Fiji
THROUGH LINK: 1
SEQUENCE: 1

					ACK RECEIVED
					DEST:    Australia
					IN LINK: 3
					SEQ NO:  0

					DATA RECEIVED
					SOURCE:  New Zealand
					DEST:    Australia
					IN LINK: 2
					SEQ NO:  3
					UP TO APPLICATION

ACK TRANSMITTED
SOURCE: Australia
THROUGH LINK: 2
TO: New Zealand
SEQUENCE: 3

					ACK RECEIVED
					DEST:    Australia
					IN LINK: 1
					SEQ NO:  1

					DATA RECEIVED
					SOURCE:  New Zealand
					DEST:    Indonesia
					IN LINK: 2
					SEQ NO:  4
					FORWARDING FRAME
					VIA LINK: 3

ACK TRANSMITTED
SOURCE: Australia
THROUGH LINK: 2
TO: New Zealand
SEQUENCE: 4

DATA TRANSMITTED
SOURCE: New Zealand
DEST: Indonesia
THROUGH LINK: 3
SEQUENCE: 1

					DATA RECEIVED
					SOURCE:  New Zealand
					DEST:    Australia
					IN LINK: 2
					SEQ NO:  3
					WRONG SEQUENCE NUMBER, DROPPED.

					ACK RECEIVED
					DEST:    Australia
					IN LINK: 3
					SEQ NO:  1
					FRAME RECEIVED
					BAD CHECKSUM
