
Down from application
DATA TRANSMITTED
SOURCE: Indonesia
DEST: Malaysia
THROUGH LINK: 3
SEQUENCE: 0

Down from application
DATA TRANSMITTED
SOURCE: Indonesia
DEST: New Zealand
THROUGH LINK: 1
SEQUENCE: 0

					ACK RECEIVED
					DEST:    Indonesia
					IN LINK: 3
					SEQ NO:  0

					ACK RECEIVED
					DEST:    Indonesia
					IN LINK: 1
					SEQ NO:  0

					DATA RECEIVED
					SOURCE:  Brunei
					DEST:    Indonesia
					IN LINK: 4
					SEQ NO:  0
					UP TO APPLICATION

ACK TRANSMITTED
SOURCE: Indonesia
THROUGH LINK: 4
TO: New Zealand
SEQUENCE: 0

					DATA RECEIVED
					SOURCE:  New Zealand
					DEST:    Malaysia
					IN LINK: 1
					SEQ NO:  0
					FORWARDING FRAME
					VIA LINK: 3

ACK TRANSMITTED
SOURCE: Indonesia
THROUGH LINK: 1
TO: Fiji
SEQUENCE: 0

DATA TRANSMITTED
SOURCE: New Zealand
DEST: Malaysia
THROUGH LINK: 3
SEQUENCE: 1

TIMEOUT
SOURCE:   New Zealand
DEST:     Malaysia
SEQ NO:   3

DATA TRANSMITTED
SOURCE: New Zealand
DEST: Malaysia
THROUGH LINK: 3
SEQUENCE: 1

Down from application
DATA TRANSMITTED
SOURCE: Indonesia
DEST: Brunei
THROUGH LINK: 4
SEQUENCE: 0

					ACK RECEIVED
					DEST:    Indonesia
					IN LINK: 3
					SEQ NO:  1

					ACK RECEIVED
					DEST:    Indonesia
					IN LINK: 4
					SEQ NO:  0

Down from application
DATA TRANSMITTED
SOURCE: Indonesia
DEST: Malaysia
THROUGH LINK: 3
SEQUENCE: 2

					DATA RECEIVED
					SOURCE:  New Zealand
					DEST:    Indonesia
					IN LINK: 1
					SEQ NO:  1
					UP TO APPLICATION

ACK TRANSMITTED
SOURCE: Indonesia
THROUGH LINK: 1
TO: Fiji
SEQUENCE: 1

					ACK RECEIVED
					DEST:    Indonesia
					IN LINK: 3
					SEQ NO:  2

					DATA RECEIVED
					SOURCE:  Singapore
					DEST:    Australia
					IN LINK: 2
					SEQ NO:  0
					FORWARDING FRAME
					VIA LINK: 1

ACK TRANSMITTED
SOURCE: Indonesia
THROUGH LINK: 2
TO: Fiji
SEQUENCE: 0

DATA TRANSMITTED
SOURCE: Singapore
DEST: Australia
THROUGH LINK: 1
SEQUENCE: 1
