
					DATA RECEIVED
					SOURCE:  Indonesia
					DEST:    Malaysia
					IN LINK: 1
					SEQ NO:  0
					UP TO APPLICATION

ACK TRANSMITTED
SOURCE: Malaysia
THROUGH LINK: 1
TO: Fiji
SEQUENCE: 0

					DATA RECEIVED
					SOURCE:  New Zealand
					DEST:    Malaysia
					IN LINK: 1
					SEQ NO:  1
					UP TO APPLICATION

ACK TRANSMITTED
SOURCE: Malaysia
THROUGH LINK: 1
TO: Fiji
SEQUENCE: 1

					DATA RECEIVED
					SOURCE:  Indonesia
					DEST:    Malaysia
					IN LINK: 1
					SEQ NO:  2
					UP TO APPLICATION

ACK TRANSMITTED
SOURCE: Malaysia
THROUGH LINK: 1
TO: Fiji
SEQUENCE: 2
