
					DATA RECEIVED
					SOURCE:  Indonesia
					DEST:    New Zealand
					IN LINK: 1
					SEQ NO:  0
					UP TO APPLICATION

ACK TRANSMITTED
SOURCE: New Zealand
THROUGH LINK: 1
TO: Fiji
SEQUENCE: 0

Down from application
DATA TRANSMITTED
SOURCE: New Zealand
DEST: Fiji
THROUGH LINK: 1
SEQUENCE: 0

					ACK RECEIVED
					DEST:    New Zealand
					IN LINK: 1
					SEQ NO:  0

Down from application
DATA TRANSMITTED
SOURCE: New Zealand
DEST: Malaysia
THROUGH LINK: 1
SEQUENCE: 1

Down from application
DATA TRANSMITTED
SOURCE: New Zealand
DEST: Fiji
THROUGH LINK: 1
SEQUENCE: 2

					ACK RECEIVED
					DEST:    New Zealand
					IN LINK: 1
					SEQ NO:  1

Down from application
DATA TRANSMITTED
SOURCE: New Zealand
DEST: Australia
THROUGH LINK: 1
SEQUENCE: 3

					ACK RECEIVED
					DEST:    New Zealand
					IN LINK: 1
					SEQ NO:  2

Down from application
DATA TRANSMITTED
SOURCE: New Zealand
DEST: Indonesia
THROUGH LINK: 1
SEQUENCE: 4

TIMEOUT
SOURCE:   New Zealand
DEST:     Australia
SEQ NO:   1

DATA TRANSMITTED
SOURCE: New Zealand
DEST: Australia
THROUGH LINK: 1
SEQUENCE: 3

					ACK RECEIVED
					DEST:    New Zealand
					IN LINK: 1
					SEQ NO:  4

					RESENDING FRAMES UP TO 3
