
Down from application
DATA TRANSMITTED
SOURCE: Singapore
DEST: Malaysia
THROUGH LINK: 2
SEQUENCE: 0

					DATA RECEIVED
					SOURCE:  Brunei
					DEST:    Singapore
					IN LINK: 1
					SEQ NO:  0
					UP TO APPLICATION

ACK TRANSMITTED
SOURCE: Singapore
THROUGH LINK: 1
TO: Fiji
SEQUENCE: 0

Down from application
DATA TRANSMITTED
SOURCE: Singapore
DEST: Brunei
THROUGH LINK: 1
SEQUENCE: 0

TIMEOUT
SOURCE:   Singapore
DEST:     Malaysia
OUT LINK: 2
SEQ NO:   0

DATA TRANSMITTED
SOURCE: Singapore
DEST: Malaysia
THROUGH LINK: 2
SEQUENCE: 0

					DATA RECEIVED
					SOURCE:  Malaysia
					DEST:    Singapore
					IN LINK: 2
					SEQ NO:  0
					UP TO APPLICATION

ACK TRANSMITTED
SOURCE: Singapore
THROUGH LINK: 2
TO: Fiji
SEQUENCE: 0

					ACK RECEIVED
					DEST:    Singapore
					IN LINK: 1
					SEQ NO:  0

Down from application
DATA TRANSMITTED
SOURCE: Singapore
DEST: Australia
THROUGH LINK: 1
SEQUENCE: 1

TIMEOUT
SOURCE:   Singapore
DEST:     Malaysia
OUT LINK: 2
SEQ NO:   0

DATA TRANSMITTED
SOURCE: Singapore
DEST: Malaysia
THROUGH LINK: 2
SEQUENCE: 0

					ACK RECEIVED
					DEST:    Singapore
					IN LINK: 1
					SEQ NO:  1

Down from application
DATA TRANSMITTED
SOURCE: Singapore
DEST: Fiji
THROUGH LINK: 1
SEQUENCE: 2

					ACK RECEIVED
					DEST:    Singapore
					IN LINK: 2
					SEQ NO:  0

					ACK RECEIVED
					DEST:    Singapore
					IN LINK: 1
					SEQ NO:  2

Down from application
DATA TRANSMITTED
SOURCE: Singapore
DEST: New Zealand
THROUGH LINK: 1
SEQUENCE: 3

					DATA RECEIVED
					SOURCE:  Indonesia
					DEST:    Singapore
					IN LINK: 1
					SEQ NO:  1
					UP TO APPLICATION

ACK TRANSMITTED
SOURCE: Singapore
THROUGH LINK: 1
TO: Fiji
SEQUENCE: 1

					ACK RECEIVED
					DEST:    Singapore
					IN LINK: 1
					SEQ NO:  3

Down from application
DATA TRANSMITTED
SOURCE: Singapore
DEST: Brunei
THROUGH LINK: 1
SEQUENCE: 4

					DATA RECEIVED
					SOURCE:  Indonesia
					DEST:    Singapore
					IN LINK: 1
					SEQ NO:  2
					UP TO APPLICATION

ACK TRANSMITTED
SOURCE: Singapore
THROUGH LINK: 1
TO: Fiji
SEQUENCE: 2

					ACK RECEIVED
					DEST:    Singapore
					IN LINK: 1
					SEQ NO:  4

Down from application
DATA TRANSMITTED
SOURCE: Singapore
DEST: Malaysia
THROUGH LINK: 2
SEQUENCE: 1

					ACK RECEIVED
					DEST:    Singapore
					IN LINK: 2
					SEQ NO:  1

					DATA RECEIVED
					SOURCE:  Fiji
					DEST:    Singapore
					IN LINK: 1
					SEQ NO:  3
					UP TO APPLICATION

ACK TRANSMITTED
SOURCE: Singapore
THROUGH LINK: 1
TO: Fiji
SEQUENCE: 3

Down from application
DATA TRANSMITTED
SOURCE: Singapore
DEST: Malaysia
THROUGH LINK: 2
SEQUENCE: 2

					DATA RECEIVED
					SOURCE:  Brunei
					DEST:    Singapore
					IN LINK: 1
					SEQ NO:  4
					UP TO APPLICATION

ACK TRANSMITTED
SOURCE: Singapore
THROUGH LINK: 1
TO: Fiji
SEQUENCE: 4

Down from application
DATA TRANSMITTED
SOURCE: Singapore
DEST: Brunei
THROUGH LINK: 1
SEQUENCE: 5

					DATA RECEIVED
					SOURCE:  Indonesia
					DEST:    Singapore
					IN LINK: 1
					SEQ NO:  5
					UP TO APPLICATION

ACK TRANSMITTED
SOURCE: Singapore
THROUGH LINK: 1
TO: Fiji
SEQUENCE: 5

					DATA RECEIVED
					SOURCE:  Fiji
					DEST:    Singapore
					IN LINK: 1
					SEQ NO:  0
					UP TO APPLICATION

ACK TRANSMITTED
SOURCE: Singapore
THROUGH LINK: 1
TO: Fiji
SEQUENCE: 0

					ACK RECEIVED
					DEST:    Singapore
					IN LINK: 1
					SEQ NO:  5

Down from application
DATA TRANSMITTED
SOURCE: Singapore
DEST: New Zealand
THROUGH LINK: 1
SEQUENCE: 0

TIMEOUT
SOURCE:   Singapore
DEST:     Malaysia
OUT LINK: 2
SEQ NO:   2

DATA TRANSMITTED
SOURCE: Singapore
DEST: Malaysia
THROUGH LINK: 2
SEQUENCE: 2
					FRAME RECEIVED
					BAD CHECKSUM - IGNORE

Down from application
DATA TRANSMITTED
SOURCE: Singapore
DEST: Malaysia
THROUGH LINK: 2
SEQUENCE: 3

					ACK RECEIVED
					DEST:    Singapore
					IN LINK: 2
					SEQ NO:  2

TIMEOUT
SOURCE:   Singapore
DEST:     New Zealand
OUT LINK: 1
SEQ NO:   0

DATA TRANSMITTED
SOURCE: Singapore
DEST: New Zealand
THROUGH LINK: 1
SEQUENCE: 0

					DATA RECEIVED
					SOURCE:  Indonesia
					DEST:    Singapore
					IN LINK: 1
					SEQ NO:  1
					UP TO APPLICATION

ACK TRANSMITTED
SOURCE: Singapore
THROUGH LINK: 1
TO: Fiji
SEQUENCE: 1

					DATA RECEIVED
					SOURCE:  Malaysia
					DEST:    Singapore
					IN LINK: 2
					SEQ NO:  1
					UP TO APPLICATION

ACK TRANSMITTED
SOURCE: Singapore
THROUGH LINK: 2
TO: Fiji
SEQUENCE: 1

					ACK RECEIVED
					DEST:    Singapore
					IN LINK: 2
					SEQ NO:  3

					ACK RECEIVED
					DEST:    Singapore
					IN LINK: 1
					SEQ NO:  0

					DATA RECEIVED
					SOURCE:  Australia
					DEST:    Singapore
					IN LINK: 1
					SEQ NO:  2
					UP TO APPLICATION

ACK TRANSMITTED
SOURCE: Singapore
THROUGH LINK: 1
TO: Fiji
SEQUENCE: 2

Down from application
DATA TRANSMITTED
SOURCE: Singapore
DEST: Fiji
THROUGH LINK: 1
SEQUENCE: 1

					ACK RECEIVED
					DEST:    Singapore
					IN LINK: 1
					SEQ NO:  1

					DATA RECEIVED
					SOURCE:  Australia
					DEST:    Singapore
					IN LINK: 1
					SEQ NO:  3
					UP TO APPLICATION

ACK TRANSMITTED
SOURCE: Singapore
THROUGH LINK: 1
TO: Fiji
SEQUENCE: 3

					DATA RECEIVED
					SOURCE:  Fiji
					DEST:    Singapore
					IN LINK: 1
					SEQ NO:  4
					UP TO APPLICATION

ACK TRANSMITTED
SOURCE: Singapore
THROUGH LINK: 1
TO: Fiji
SEQUENCE: 4

					DATA RECEIVED
					SOURCE:  New Zealand
					DEST:    Singapore
					IN LINK: 1
					SEQ NO:  5
					UP TO APPLICATION

ACK TRANSMITTED
SOURCE: Singapore
THROUGH LINK: 1
TO: Fiji
SEQUENCE: 5

Down from application
DATA TRANSMITTED
SOURCE: Singapore
DEST: Brunei
THROUGH LINK: 1
SEQUENCE: 2

					DATA RECEIVED
					SOURCE:  Indonesia
					DEST:    Singapore
					IN LINK: 1
					SEQ NO:  0
					UP TO APPLICATION

ACK TRANSMITTED
SOURCE: Singapore
THROUGH LINK: 1
TO: Fiji
SEQUENCE: 0

					ACK RECEIVED
					DEST:    Singapore
					IN LINK: 1
					SEQ NO:  2

					DATA RECEIVED
					SOURCE:  Fiji
					DEST:    Singapore
					IN LINK: 1
					SEQ NO:  1
					UP TO APPLICATION

ACK TRANSMITTED
SOURCE: Singapore
THROUGH LINK: 1
TO: Fiji
SEQUENCE: 1
