
DATA TRANSMITTED
SOURCE: Australia
DEST: Fiji
THROUGH LINK: 1
SEQUENCE: 0
WINDOW SIZE: 1

DATA TRANSMITTED
SOURCE: Australia
DEST: Fiji
THROUGH LINK: 1
SEQUENCE: 1
WINDOW SIZE: 2

DATA TRANSMITTED
SOURCE: Australia
DEST: Singapore
THROUGH LINK: 3
SEQUENCE: 0
WINDOW SIZE: 1

					DATA RECEIVED
					SOURCE:  Indonesia
					DEST:    Fiji
					IN LINK: 3
					SEQ NO:  0

					FORWARDING FRAME
					VIA LINK: 1

ACK TRANSMITTED
SOURCE: Australia
DEST: Indonesia
THROUGH LINK: 3
SEQUENCE: 0

DATA TRANSMITTED
SOURCE: Indonesia
DEST: Fiji
THROUGH LINK: 1
SEQUENCE: 2
WINDOW SIZE: 3

Disabling application for link 1

DATA TRANSMITTED
SOURCE: Australia
DEST: New Zealand
THROUGH LINK: 2
SEQUENCE: 0
WINDOW SIZE: 1

					DATA RECEIVED
					SOURCE:  New Zealand
					DEST:    Brunei
					IN LINK: 2
					SEQ NO:  0

					FORWARDING FRAME
					VIA LINK: 3

ACK TRANSMITTED
SOURCE: Australia
DEST: New Zealand
THROUGH LINK: 2
SEQUENCE: 0

DATA TRANSMITTED
SOURCE: New Zealand
DEST: Brunei
THROUGH LINK: 3
SEQUENCE: 1
WINDOW SIZE: 2

DATA TRANSMITTED
SOURCE: Australia
DEST: Brunei
THROUGH LINK: 3
SEQUENCE: 2
WINDOW SIZE: 3

Disabling application for link 3

DATA TRANSMITTED
SOURCE: Australia
DEST: New Zealand
THROUGH LINK: 2
SEQUENCE: 1
WINDOW SIZE: 2

DATA TRANSMITTED
SOURCE: Australia
DEST: New Zealand
THROUGH LINK: 2
SEQUENCE: 2
WINDOW SIZE: 3

Disabling application for link 2

					ACK RECEIVED
					SOURCE:  Fiji
					DEST:    Australia
					IN LINK: 1
					SEQ NO:  0
					WINDOW SIZE: 2

					DATA RECEIVED
					SOURCE:  Indonesia
					DEST:    Fiji
					IN LINK: 3
					SEQ NO:  1

					FORWARDING FRAME
					VIA LINK: 1

ACK TRANSMITTED
SOURCE: Australia
DEST: Indonesia
THROUGH LINK: 3
SEQUENCE: 1

DATA TRANSMITTED
SOURCE: Indonesia
DEST: Fiji
THROUGH LINK: 1
SEQUENCE: 3
WINDOW SIZE: 3

Disabling application for link 1

					DATA RECEIVED
					SOURCE:  Malaysia
					DEST:    Fiji
					IN LINK: 3
					SEQ NO:  2
					ADDED TO STORE-FORWARD BUFFER

ACK TRANSMITTED
SOURCE: Australia
DEST: Malaysia
THROUGH LINK: 3
SEQUENCE: 2

Disabling application for link 1

					DATA RECEIVED
					SOURCE:  New Zealand
					DEST:    Malaysia
					IN LINK: 2
					SEQ NO:  1
					ADDED TO STORE-FORWARD BUFFER

ACK TRANSMITTED
SOURCE: Australia
DEST: New Zealand
THROUGH LINK: 2
SEQUENCE: 1

Disabling application for link 3

					DATA RECEIVED
					SOURCE:  Fiji
					DEST:    Singapore
					IN LINK: 1
					SEQ NO:  0
					ADDED TO STORE-FORWARD BUFFER

ACK TRANSMITTED
SOURCE: Australia
DEST: Fiji
THROUGH LINK: 1
SEQUENCE: 0

Disabling application for link 3

					ACK RECEIVED
					SOURCE:  Fiji
					DEST:    Australia
					IN LINK: 1
					SEQ NO:  1
					WINDOW SIZE: 2

					FORWARDING FROM BUFFER

DATA TRANSMITTED
SOURCE: Malaysia
DEST: Fiji
THROUGH LINK: 1
SEQUENCE: 0
WINDOW SIZE: 3

					ACK RECEIVED
					SOURCE:  Singapore
					DEST:    Australia
					IN LINK: 3
					SEQ NO:  0
					WINDOW SIZE: 2

					FORWARDING FROM BUFFER

DATA TRANSMITTED
SOURCE: New Zealand
DEST: Malaysia
THROUGH LINK: 3
SEQUENCE: 3
WINDOW SIZE: 3

					DATA RECEIVED
					SOURCE:  Malaysia
					DEST:    New Zealand
					IN LINK: 3
					SEQ NO:  3
					ADDED TO STORE-FORWARD BUFFER

ACK TRANSMITTED
SOURCE: Australia
DEST: Malaysia
THROUGH LINK: 3
SEQUENCE: 3

Disabling application for link 2

					ACK RECEIVED
					SOURCE:  Fiji
					DEST:    Australia
					IN LINK: 1
					SEQ NO:  2
					WINDOW SIZE: 2

					ACK RECEIVED
					SOURCE:  New Zealand
					DEST:    Australia
					IN LINK: 2
					SEQ NO:  0
					WINDOW SIZE: 2

					FORWARDING FROM BUFFER

DATA TRANSMITTED
SOURCE: Malaysia
DEST: New Zealand
THROUGH LINK: 2
SEQUENCE: 3
WINDOW SIZE: 3

					ACK RECEIVED
					SOURCE:  Brunei
					DEST:    Australia
					IN LINK: 3
					SEQ NO:  1
					WINDOW SIZE: 2

					FORWARDING FROM BUFFER

DATA TRANSMITTED
SOURCE: Fiji
DEST: Singapore
THROUGH LINK: 3
SEQUENCE: 0
WINDOW SIZE: 3

					DATA RECEIVED
					SOURCE:  New Zealand
					DEST:    Malaysia
					IN LINK: 2
					SEQ NO:  2
					ADDED TO STORE-FORWARD BUFFER

ACK TRANSMITTED
SOURCE: Australia
DEST: New Zealand
THROUGH LINK: 2
SEQUENCE: 2

Disabling application for link 3

					ACK RECEIVED
					SOURCE:  New Zealand
					DEST:    Australia
					IN LINK: 2
					SEQ NO:  1
					WINDOW SIZE: 2

					DATA RECEIVED
					SOURCE:  Fiji
					DEST:    New Zealand
					IN LINK: 1
					SEQ NO:  1

					FORWARDING FRAME
					VIA LINK: 2

ACK TRANSMITTED
SOURCE: Australia
DEST: Fiji
THROUGH LINK: 1
SEQUENCE: 1

DATA TRANSMITTED
SOURCE: Fiji
DEST: New Zealand
THROUGH LINK: 2
SEQUENCE: 0
WINDOW SIZE: 3

Disabling application for link 2

					ACK RECEIVED
					SOURCE:  Brunei
					DEST:    Australia
					IN LINK: 3
					SEQ NO:  2
					WINDOW SIZE: 2

					FORWARDING FROM BUFFER

DATA TRANSMITTED
SOURCE: New Zealand
DEST: Malaysia
THROUGH LINK: 3
SEQUENCE: 1
WINDOW SIZE: 3

					ACK RECEIVED
					SOURCE:  New Zealand
					DEST:    Australia
					IN LINK: 2
					SEQ NO:  2
					WINDOW SIZE: 2

					ACK RECEIVED
					SOURCE:  Fiji
					DEST:    Australia
					IN LINK: 1
					SEQ NO:  3
					WINDOW SIZE: 1

					DATA RECEIVED
					SOURCE:  Singapore
					DEST:    Australia
					IN LINK: 3
					SEQ NO:  1
					WRONG SEQUENCE NUMBER, DROPPED.
					EXPECTING: 0 GOT: 1

					DATA RECEIVED
					SOURCE:  Fiji
					DEST:    New Zealand
					IN LINK: 1
					SEQ NO:  2

					FORWARDING FRAME
					VIA LINK: 2

ACK TRANSMITTED
SOURCE: Australia
DEST: Fiji
THROUGH LINK: 1
SEQUENCE: 2

DATA TRANSMITTED
SOURCE: Fiji
DEST: New Zealand
THROUGH LINK: 2
SEQUENCE: 1
WINDOW SIZE: 3

Disabling application for link 2

					DATA RECEIVED
					SOURCE:  New Zealand
					DEST:    Brunei
					IN LINK: 2
					SEQ NO:  3
					ADDED TO STORE-FORWARD BUFFER

ACK TRANSMITTED
SOURCE: Australia
DEST: New Zealand
THROUGH LINK: 2
SEQUENCE: 3

Disabling application for link 3

					ACK RECEIVED
					SOURCE:  Fiji
					DEST:    Australia
					IN LINK: 1
					SEQ NO:  0
					WINDOW SIZE: 0

					ACK RECEIVED
					SOURCE:  Malaysia
					DEST:    Australia
					IN LINK: 3
					SEQ NO:  3
					WINDOW SIZE: 2

					FORWARDING FROM BUFFER

DATA TRANSMITTED
SOURCE: New Zealand
DEST: Brunei
THROUGH LINK: 3
SEQUENCE: 2
WINDOW SIZE: 3

					ACK RECEIVED
					SOURCE:  New Zealand
					DEST:    Australia
					IN LINK: 2
					SEQ NO:  3
					WINDOW SIZE: 2

					DATA RECEIVED
					SOURCE:  Brunei
					DEST:    Australia
					IN LINK: 3
					SEQ NO:  2
					WRONG SEQUENCE NUMBER, DROPPED.
					EXPECTING: 0 GOT: 2

					DATA RECEIVED
					SOURCE:  New Zealand
					DEST:    Fiji
					IN LINK: 2
					SEQ NO:  0

					FORWARDING FRAME
					VIA LINK: 1

ACK TRANSMITTED
SOURCE: Australia
DEST: New Zealand
THROUGH LINK: 2
SEQUENCE: 0

DATA TRANSMITTED
SOURCE: New Zealand
DEST: Fiji
THROUGH LINK: 1
SEQUENCE: 1
WINDOW SIZE: 1

					DATA RECEIVED
					SOURCE:  Fiji
					DEST:    Malaysia
					IN LINK: 1
					SEQ NO:  3
					ADDED TO STORE-FORWARD BUFFER

ACK TRANSMITTED
SOURCE: Australia
DEST: Fiji
THROUGH LINK: 1
SEQUENCE: 3

Disabling application for link 3

					ACK RECEIVED
					SOURCE:  Singapore
					DEST:    Australia
					IN LINK: 3
					SEQ NO:  0
					WINDOW SIZE: 2

					FORWARDING FROM BUFFER

DATA TRANSMITTED
SOURCE: Fiji
DEST: Malaysia
THROUGH LINK: 3
SEQUENCE: 3
WINDOW SIZE: 3

					ACK RECEIVED
					SOURCE:  Malaysia
					DEST:    Australia
					IN LINK: 3
					SEQ NO:  1
					WINDOW SIZE: 2

					DATA RECEIVED
					SOURCE:  New Zealand
					DEST:    Australia
					IN LINK: 2
					SEQ NO:  1
					UP TO APPLICATION

ACK TRANSMITTED
SOURCE: Australia
DEST: New Zealand
THROUGH LINK: 2
SEQUENCE: 1

					ACK RECEIVED
					SOURCE:  New Zealand
					DEST:    Australia
					IN LINK: 2
					SEQ NO:  0
					WINDOW SIZE: 1

DATA TRANSMITTED
SOURCE: Australia
DEST: Malaysia
THROUGH LINK: 3
SEQUENCE: 0
WINDOW SIZE: 3

Disabling application for link 3

					ACK RECEIVED
					SOURCE:  New Zealand
					DEST:    Australia
					IN LINK: 2
					SEQ NO:  1
					WINDOW SIZE: 0

					DATA RECEIVED
					SOURCE:  Fiji
					DEST:    New Zealand
					IN LINK: 1
					SEQ NO:  0

					FORWARDING FRAME
					VIA LINK: 2

ACK TRANSMITTED
SOURCE: Australia
DEST: Fiji
THROUGH LINK: 1
SEQUENCE: 0

DATA TRANSMITTED
SOURCE: Fiji
DEST: New Zealand
THROUGH LINK: 2
SEQUENCE: 2
WINDOW SIZE: 1

					ACK RECEIVED
					SOURCE:  Brunei
					DEST:    Australia
					IN LINK: 3
					SEQ NO:  2
					WINDOW SIZE: 2

					ACK RECEIVED
					SOURCE:  Malaysia
					DEST:    Australia
					IN LINK: 3
					SEQ NO:  3
					WINDOW SIZE: 1

DATA TRANSMITTED
SOURCE: Australia
DEST: Malaysia
THROUGH LINK: 3
SEQUENCE: 1
WINDOW SIZE: 2

					ACK RECEIVED
					SOURCE:  Malaysia
					DEST:    Australia
					IN LINK: 3
					SEQ NO:  0
					WINDOW SIZE: 1

DATA TRANSMITTED
SOURCE: Australia
DEST: Malaysia
THROUGH LINK: 3
SEQUENCE: 2
WINDOW SIZE: 2

					ACK RECEIVED
					SOURCE:  New Zealand
					DEST:    Australia
					IN LINK: 2
					SEQ NO:  2
					WINDOW SIZE: 0

					DATA RECEIVED
					SOURCE:  Singapore
					DEST:    New Zealand
					IN LINK: 3
					SEQ NO:  0

					FORWARDING FRAME
					VIA LINK: 2

ACK TRANSMITTED
SOURCE: Australia
DEST: Singapore
THROUGH LINK: 3
SEQUENCE: 0

DATA TRANSMITTED
SOURCE: Singapore
DEST: New Zealand
THROUGH LINK: 2
SEQUENCE: 3
WINDOW SIZE: 1

DATA TRANSMITTED
SOURCE: Australia
DEST: Brunei
THROUGH LINK: 3
SEQUENCE: 3
WINDOW SIZE: 3

Disabling application for link 3

					DATA RECEIVED
					SOURCE:  New Zealand
					DEST:    Singapore
					IN LINK: 2
					SEQ NO:  3
					WRONG SEQUENCE NUMBER, DROPPED.
					EXPECTING: 2 GOT: 3

					DATA RECEIVED
					SOURCE:  Fiji
					DEST:    New Zealand
					IN LINK: 1
					SEQ NO:  1

					FORWARDING FRAME
					VIA LINK: 2

ACK TRANSMITTED
SOURCE: Australia
DEST: Fiji
THROUGH LINK: 1
SEQUENCE: 1

DATA TRANSMITTED
SOURCE: Fiji
DEST: New Zealand
THROUGH LINK: 2
SEQUENCE: 0
WINDOW SIZE: 2

					ACK RECEIVED
					SOURCE:  Malaysia
					DEST:    Australia
					IN LINK: 3
					SEQ NO:  1
					WINDOW SIZE: 2

TIMEOUT
SOURCE:   New Zealand
DEST:     Fiji
SEQ NO:   1

DATA TRANSMITTED
SOURCE: New Zealand
DEST: Fiji
THROUGH LINK: 1
SEQUENCE: 1
WINDOW SIZE: 1

					ACK RECEIVED
					SOURCE:  Malaysia
					DEST:    Australia
					IN LINK: 3
					SEQ NO:  2
					WINDOW SIZE: 1

					DATA RECEIVED
					SOURCE:  New Zealand
					DEST:    Indonesia
					IN LINK: 2
					SEQ NO:  0
					WRONG SEQUENCE NUMBER, DROPPED.
					EXPECTING: 2 GOT: 0

					ACK RECEIVED
					SOURCE:  New Zealand
					DEST:    Australia
					IN LINK: 2
					SEQ NO:  3
					WINDOW SIZE: 1

					DATA RECEIVED
					SOURCE:  Singapore
					DEST:    Australia
					IN LINK: 3
					SEQ NO:  1
					UP TO APPLICATION

ACK TRANSMITTED
SOURCE: Australia
DEST: Singapore
THROUGH LINK: 3
SEQUENCE: 1

					DATA RECEIVED
					SOURCE:  Fiji
					DEST:    Indonesia
					IN LINK: 1
					SEQ NO:  2

					FORWARDING FRAME
					VIA LINK: 3

ACK TRANSMITTED
SOURCE: Australia
DEST: Fiji
THROUGH LINK: 1
SEQUENCE: 2

DATA TRANSMITTED
SOURCE: Fiji
DEST: Indonesia
THROUGH LINK: 3
SEQUENCE: 0
WINDOW SIZE: 2

					DATA RECEIVED
					SOURCE:  Singapore
					DEST:    Fiji
					IN LINK: 3
					SEQ NO:  3
					WRONG SEQUENCE NUMBER, DROPPED.
					EXPECTING: 2 GOT: 3

DATA TRANSMITTED
SOURCE: Australia
DEST: Indonesia
THROUGH LINK: 3
SEQUENCE: 1
WINDOW SIZE: 3

Disabling application for link 3

					DATA RECEIVED
					SOURCE:  Brunei
					DEST:    Australia
					IN LINK: 3
					SEQ NO:  2
					UP TO APPLICATION

ACK TRANSMITTED
SOURCE: Australia
DEST: Brunei
THROUGH LINK: 3
SEQUENCE: 2

					ACK RECEIVED
					SOURCE:  Brunei
					DEST:    Australia
					IN LINK: 3
					SEQ NO:  3
					WINDOW SIZE: 2

					DATA RECEIVED
					SOURCE:  Fiji
					DEST:    New Zealand
					IN LINK: 1
					SEQ NO:  3

					FORWARDING FRAME
					VIA LINK: 2

ACK TRANSMITTED
SOURCE: Australia
DEST: Fiji
THROUGH LINK: 1
SEQUENCE: 3

DATA TRANSMITTED
SOURCE: Fiji
DEST: New Zealand
THROUGH LINK: 2
SEQUENCE: 1
WINDOW SIZE: 2

					ACK RECEIVED
					SOURCE:  Fiji
					DEST:    Australia
					IN LINK: 1
					SEQ NO:  1
					WINDOW SIZE: 0

					ACK RECEIVED
					SOURCE:  New Zealand
					DEST:    Australia
					IN LINK: 2
					SEQ NO:  0
					WINDOW SIZE: 1

DATA TRANSMITTED
SOURCE: Australia
DEST: Indonesia
THROUGH LINK: 3
SEQUENCE: 2
WINDOW SIZE: 3

Disabling application for link 3

					DATA RECEIVED
					SOURCE:  Brunei
					DEST:    Fiji
					IN LINK: 3
					SEQ NO:  0
					WRONG SEQUENCE NUMBER, DROPPED.
					EXPECTING: 3 GOT: 0

					ACK RECEIVED
					SOURCE:  Indonesia
					DEST:    Australia
					IN LINK: 3
					SEQ NO:  0
					WINDOW SIZE: 2

DATA TRANSMITTED
SOURCE: Australia
DEST: Fiji
THROUGH LINK: 1
SEQUENCE: 2
WINDOW SIZE: 1

					ACK RECEIVED
					SOURCE:  Indonesia
					DEST:    Australia
					IN LINK: 3
					SEQ NO:  1
					WINDOW SIZE: 1

					DATA RECEIVED
					SOURCE:  Singapore
					DEST:    Australia
					IN LINK: 3
					SEQ NO:  1
					WRONG SEQUENCE NUMBER, DROPPED.
					EXPECTING: 3 GOT: 1

DATA TRANSMITTED
SOURCE: Australia
DEST: Fiji
THROUGH LINK: 1
SEQUENCE: 3
WINDOW SIZE: 2

DATA TRANSMITTED
SOURCE: Australia
DEST: New Zealand
THROUGH LINK: 2
SEQUENCE: 2
WINDOW SIZE: 2

					ACK RECEIVED
					SOURCE:  New Zealand
					DEST:    Australia
					IN LINK: 2
					SEQ NO:  1
					WINDOW SIZE: 1

					ACK RECEIVED
					SOURCE:  Indonesia
					DEST:    Australia
					IN LINK: 3
					SEQ NO:  2
					WINDOW SIZE: 0

					DATA RECEIVED
					SOURCE:  Fiji
					DEST:    New Zealand
					IN LINK: 1
					SEQ NO:  0

					FORWARDING FRAME
					VIA LINK: 2

ACK TRANSMITTED
SOURCE: Australia
DEST: Fiji
THROUGH LINK: 1
SEQUENCE: 0

DATA TRANSMITTED
SOURCE: Fiji
DEST: New Zealand
THROUGH LINK: 2
SEQUENCE: 3
WINDOW SIZE: 2

DATA TRANSMITTED
SOURCE: Australia
DEST: New Zealand
THROUGH LINK: 2
SEQUENCE: 0
WINDOW SIZE: 3

Disabling application for link 2

DATA TRANSMITTED
SOURCE: Australia
DEST: Indonesia
THROUGH LINK: 3
SEQUENCE: 3
WINDOW SIZE: 1

					DATA RECEIVED
					SOURCE:  New Zealand
					DEST:    Brunei
					IN LINK: 2
					SEQ NO:  2

					FORWARDING FRAME
					VIA LINK: 3

ACK TRANSMITTED
SOURCE: Australia
DEST: New Zealand
THROUGH LINK: 2
SEQUENCE: 2

DATA TRANSMITTED
SOURCE: New Zealand
DEST: Brunei
THROUGH LINK: 3
SEQUENCE: 0
WINDOW SIZE: 2

					DATA RECEIVED
					SOURCE:  New Zealand
					DEST:    Singapore
					IN LINK: 2
					SEQ NO:  3

					FORWARDING FRAME
					VIA LINK: 3

ACK TRANSMITTED
SOURCE: Australia
DEST: New Zealand
THROUGH LINK: 2
SEQUENCE: 3

DATA TRANSMITTED
SOURCE: New Zealand
DEST: Singapore
THROUGH LINK: 3
SEQUENCE: 1
WINDOW SIZE: 3

Disabling application for link 3

DATA TRANSMITTED
SOURCE: Australia
DEST: Fiji
THROUGH LINK: 1
SEQUENCE: 0
WINDOW SIZE: 3

Disabling application for link 1

					ACK RECEIVED
					SOURCE:  Fiji
					DEST:    Australia
					IN LINK: 1
					SEQ NO:  2
					WINDOW SIZE: 2

					ACK RECEIVED
					SOURCE:  Fiji
					DEST:    Australia
					IN LINK: 1
					SEQ NO:  3
					WINDOW SIZE: 1

					ACK RECEIVED
					SOURCE:  New Zealand
					DEST:    Australia
					IN LINK: 2
					SEQ NO:  2
					WINDOW SIZE: 2

					DATA RECEIVED
					SOURCE:  Singapore
					DEST:    Fiji
					IN LINK: 3
					SEQ NO:  3

					FORWARDING FRAME
					VIA LINK: 1

ACK TRANSMITTED
SOURCE: Australia
DEST: Singapore
THROUGH LINK: 3
SEQUENCE: 3

DATA TRANSMITTED
SOURCE: Singapore
DEST: Fiji
THROUGH LINK: 1
SEQUENCE: 1
WINDOW SIZE: 2

					DATA RECEIVED
					SOURCE:  Fiji
					DEST:    New Zealand
					IN LINK: 1
					SEQ NO:  2
					WRONG SEQUENCE NUMBER, DROPPED.
					EXPECTING: 1 GOT: 2

					DATA RECEIVED
					SOURCE:  New Zealand
					DEST:    Indonesia
					IN LINK: 2
					SEQ NO:  0
					ADDED TO STORE-FORWARD BUFFER

ACK TRANSMITTED
SOURCE: Australia
DEST: New Zealand
THROUGH LINK: 2
SEQUENCE: 0

Disabling application for link 3

					ACK RECEIVED
					SOURCE:  New Zealand
					DEST:    Australia
					IN LINK: 2
					SEQ NO:  3
					WINDOW SIZE: 1

					ACK RECEIVED
					SOURCE:  New Zealand
					DEST:    Australia
					IN LINK: 2
					SEQ NO:  0
					WINDOW SIZE: 0

					ACK RECEIVED
					SOURCE:  Indonesia
					DEST:    Australia
					IN LINK: 3
					SEQ NO:  3
					WINDOW SIZE: 2

					FORWARDING FROM BUFFER

DATA TRANSMITTED
SOURCE: New Zealand
DEST: Indonesia
THROUGH LINK: 3
SEQUENCE: 2
WINDOW SIZE: 3

					DATA RECEIVED
					SOURCE:  New Zealand
					DEST:    Brunei
					IN LINK: 2
					SEQ NO:  1
					ADDED TO STORE-FORWARD BUFFER

ACK TRANSMITTED
SOURCE: Australia
DEST: New Zealand
THROUGH LINK: 2
SEQUENCE: 1

Disabling application for link 3

					ACK RECEIVED
					SOURCE:  Brunei
					DEST:    Australia
					IN LINK: 3
					SEQ NO:  0
					WINDOW SIZE: 2

					FORWARDING FROM BUFFER

DATA TRANSMITTED
SOURCE: New Zealand
DEST: Brunei
THROUGH LINK: 3
SEQUENCE: 3
WINDOW SIZE: 3

					ACK RECEIVED
					SOURCE:  Fiji
					DEST:    Australia
					IN LINK: 1
					SEQ NO:  0
					WINDOW SIZE: 1

					ACK RECEIVED
					SOURCE:  Singapore
					DEST:    Australia
					IN LINK: 3
					SEQ NO:  1
					WINDOW SIZE: 2

					DATA RECEIVED
					SOURCE:  New Zealand
					DEST:    Malaysia
					IN LINK: 2
					SEQ NO:  2

					FORWARDING FRAME
					VIA LINK: 3

ACK TRANSMITTED
SOURCE: Australia
DEST: New Zealand
THROUGH LINK: 2
SEQUENCE: 2

DATA TRANSMITTED
SOURCE: New Zealand
DEST: Malaysia
THROUGH LINK: 3
SEQUENCE: 0
WINDOW SIZE: 3

Disabling application for link 3

					ACK RECEIVED
					SOURCE:  Fiji
					DEST:    Australia
					IN LINK: 1
					SEQ NO:  1
					WINDOW SIZE: 0

					DATA RECEIVED
					SOURCE:  Brunei
					DEST:    Fiji
					IN LINK: 3
					SEQ NO:  0

					FORWARDING FRAME
					VIA LINK: 1

ACK TRANSMITTED
SOURCE: Australia
DEST: Brunei
THROUGH LINK: 3
SEQUENCE: 0

DATA TRANSMITTED
SOURCE: Brunei
DEST: Fiji
THROUGH LINK: 1
SEQUENCE: 2
WINDOW SIZE: 1

					DATA RECEIVED
					SOURCE:  Singapore
					DEST:    Australia
					IN LINK: 3
					SEQ NO:  1
					UP TO APPLICATION

ACK TRANSMITTED
SOURCE: Australia
DEST: Singapore
THROUGH LINK: 3
SEQUENCE: 1

					ACK RECEIVED
					SOURCE:  Indonesia
					DEST:    Australia
					IN LINK: 3
					SEQ NO:  2
					WINDOW SIZE: 2
