
DATA TRANSMITTED
SOURCE: Brunei
DEST: Indonesia
THROUGH LINK: 1
SEQUENCE: 0
WINDOW SIZE: 1

DATA TRANSMITTED
SOURCE: Brunei
DEST: Indonesia
THROUGH LINK: 1
SEQUENCE: 1
WINDOW SIZE: 2

DATA TRANSMITTED
SOURCE: Brunei
DEST: Australia
THROUGH LINK: 1
SEQUENCE: 2
WINDOW SIZE: 3

Disabling application for link 1

					DATA RECEIVED
					SOURCE:  Malaysia
					DEST:    Brunei
					IN LINK: 1
					SEQ NO:  0
					UP TO APPLICATION

ACK TRANSMITTED
SOURCE: Brunei
DEST: Malaysia
THROUGH LINK: 1
SEQUENCE: 0

					ACK RECEIVED
					SOURCE:  Indonesia
					DEST:    Brunei
					IN LINK: 1
					SEQ NO:  0
					WINDOW SIZE: 2

					DATA RECEIVED
					SOURCE:  Singapore
					DEST:    Brunei
					IN LINK: 1
					SEQ NO:  1
					UP TO APPLICATION

ACK TRANSMITTED
SOURCE: Brunei
DEST: Singapore
THROUGH LINK: 1
SEQUENCE: 1

					ACK RECEIVED
					SOURCE:  Indonesia
					DEST:    Brunei
					IN LINK: 1
					SEQ NO:  1
					WINDOW SIZE: 1

					DATA RECEIVED
					SOURCE:  New Zealand
					DEST:    Brunei
					IN LINK: 1
					SEQ NO:  2
					UP TO APPLICATION

ACK TRANSMITTED
SOURCE: Brunei
DEST: New Zealand
THROUGH LINK: 1
SEQUENCE: 2

					ACK RECEIVED
					SOURCE:  Australia
					DEST:    Brunei
					IN LINK: 1
					SEQ NO:  2
					WINDOW SIZE: 0

					DATA RECEIVED
					SOURCE:  Australia
					DEST:    Brunei
					IN LINK: 1
					SEQ NO:  3
					UP TO APPLICATION

ACK TRANSMITTED
SOURCE: Brunei
DEST: Australia
THROUGH LINK: 1
SEQUENCE: 3

DATA TRANSMITTED
SOURCE: Brunei
DEST: Fiji
THROUGH LINK: 1
SEQUENCE: 3
WINDOW SIZE: 1

					DATA RECEIVED
					SOURCE:  Malaysia
					DEST:    Brunei
					IN LINK: 1
					SEQ NO:  0
					UP TO APPLICATION

ACK TRANSMITTED
SOURCE: Brunei
DEST: Malaysia
THROUGH LINK: 1
SEQUENCE: 0

DATA TRANSMITTED
SOURCE: Brunei
DEST: Indonesia
THROUGH LINK: 1
SEQUENCE: 0
WINDOW SIZE: 2

					DATA RECEIVED
					SOURCE:  Malaysia
					DEST:    Brunei
					IN LINK: 1
					SEQ NO:  1
					UP TO APPLICATION

ACK TRANSMITTED
SOURCE: Brunei
DEST: Malaysia
THROUGH LINK: 1
SEQUENCE: 1

DATA TRANSMITTED
SOURCE: Brunei
DEST: Indonesia
THROUGH LINK: 1
SEQUENCE: 1
WINDOW SIZE: 3

Disabling application for link 1

					DATA RECEIVED
					SOURCE:  New Zealand
					DEST:    Brunei
					IN LINK: 1
					SEQ NO:  2
					UP TO APPLICATION

ACK TRANSMITTED
SOURCE: Brunei
DEST: New Zealand
THROUGH LINK: 1
SEQUENCE: 2

					DATA RECEIVED
					SOURCE:  Malaysia
					DEST:    Brunei
					IN LINK: 1
					SEQ NO:  3
					UP TO APPLICATION

ACK TRANSMITTED
SOURCE: Brunei
DEST: Malaysia
THROUGH LINK: 1
SEQUENCE: 3

					ACK RECEIVED
					SOURCE:  Indonesia
					DEST:    Brunei
					IN LINK: 1
					SEQ NO:  0
					WINDOW SIZE: 1

DATA TRANSMITTED
SOURCE: Brunei
DEST: Australia
THROUGH LINK: 1
SEQUENCE: 2
WINDOW SIZE: 2

DATA TRANSMITTED
SOURCE: Brunei
DEST: Malaysia
THROUGH LINK: 1
SEQUENCE: 3
WINDOW SIZE: 3

Disabling application for link 1

					DATA RECEIVED
					SOURCE:  Singapore
					DEST:    Brunei
					IN LINK: 1
					SEQ NO:  0
					UP TO APPLICATION

ACK TRANSMITTED
SOURCE: Brunei
DEST: Singapore
THROUGH LINK: 1
SEQUENCE: 0

					FRAME RECEIVED
					BAD CHECKSUM

					DATA RECEIVED
					SOURCE:  Malaysia
					DEST:    Brunei
					IN LINK: 1
					SEQ NO:  1
					UP TO APPLICATION

ACK TRANSMITTED
SOURCE: Brunei
DEST: Malaysia
THROUGH LINK: 1
SEQUENCE: 1

TIMEOUT
SOURCE:   Brunei
DEST:     Indonesia
SEQ NO:   1

DATA TRANSMITTED
SOURCE: Brunei
DEST: Indonesia
THROUGH LINK: 1
SEQUENCE: 1
WINDOW SIZE: 3

					DATA RECEIVED
					SOURCE:  Australia
					DEST:    Brunei
					IN LINK: 1
					SEQ NO:  2
					UP TO APPLICATION

ACK TRANSMITTED
SOURCE: Brunei
DEST: Australia
THROUGH LINK: 1
SEQUENCE: 2

					DATA RECEIVED
					SOURCE:  Malaysia
					DEST:    Brunei
					IN LINK: 1
					SEQ NO:  3
					UP TO APPLICATION

ACK TRANSMITTED
SOURCE: Brunei
DEST: Malaysia
THROUGH LINK: 1
SEQUENCE: 3

TIMEOUT
SOURCE:   Brunei
DEST:     Australia
SEQ NO:   1

DATA TRANSMITTED
SOURCE: Brunei
DEST: Australia
THROUGH LINK: 1
SEQUENCE: 2
WINDOW SIZE: 3

TIMEOUT
SOURCE:   Brunei
DEST:     Malaysia
SEQ NO:   1

DATA TRANSMITTED
SOURCE: Brunei
DEST: Malaysia
THROUGH LINK: 1
SEQUENCE: 3
WINDOW SIZE: 3

					DATA RECEIVED
					SOURCE:  Singapore
					DEST:    Brunei
					IN LINK: 1
					SEQ NO:  0
					UP TO APPLICATION

ACK TRANSMITTED
SOURCE: Brunei
DEST: Singapore
THROUGH LINK: 1
SEQUENCE: 0

					ACK RECEIVED
					SOURCE:  Indonesia
					DEST:    Brunei
					IN LINK: 1
					SEQ NO:  1
					WINDOW SIZE: 2

DATA TRANSMITTED
SOURCE: Brunei
DEST: Malaysia
THROUGH LINK: 1
SEQUENCE: 0
WINDOW SIZE: 3

Disabling application for link 1

					ACK RECEIVED
					SOURCE:  Australia
					DEST:    Brunei
					IN LINK: 1
					SEQ NO:  2
					WINDOW SIZE: 2

					DATA RECEIVED
					SOURCE:  Singapore
					DEST:    Brunei
					IN LINK: 1
					SEQ NO:  1
					UP TO APPLICATION

ACK TRANSMITTED
SOURCE: Brunei
DEST: Singapore
THROUGH LINK: 1
SEQUENCE: 1

DATA TRANSMITTED
SOURCE: Brunei
DEST: Indonesia
THROUGH LINK: 1
SEQUENCE: 1
WINDOW SIZE: 3

Disabling application for link 1

					DATA RECEIVED
					SOURCE:  New Zealand
					DEST:    Brunei
					IN LINK: 1
					SEQ NO:  2
					UP TO APPLICATION

ACK TRANSMITTED
SOURCE: Brunei
DEST: New Zealand
THROUGH LINK: 1
SEQUENCE: 2

TIMEOUT
SOURCE:   Brunei
DEST:     Malaysia
SEQ NO:   1

DATA TRANSMITTED
SOURCE: Brunei
DEST: Malaysia
THROUGH LINK: 1
SEQUENCE: 3
WINDOW SIZE: 3

TIMEOUT
SOURCE:   Brunei
DEST:     Malaysia
SEQ NO:   1

DATA TRANSMITTED
SOURCE: Brunei
DEST: Malaysia
THROUGH LINK: 1
SEQUENCE: 0
WINDOW SIZE: 3
