
					DATA RECEIVED
					SOURCE:  Australia
					DEST:    Fiji
					IN LINK: 1
					SEQ NO:  0
					UP TO APPLICATION

ACK TRANSMITTED
SOURCE: Fiji
DEST: Australia
THROUGH LINK: 1
SEQUENCE: 0

DATA TRANSMITTED
SOURCE: Fiji
DEST: Singapore
THROUGH LINK: 1
SEQUENCE: 0
WINDOW SIZE: 1

					DATA RECEIVED
					SOURCE:  Australia
					DEST:    Fiji
					IN LINK: 1
					SEQ NO:  1
					UP TO APPLICATION

ACK TRANSMITTED
SOURCE: Fiji
DEST: Australia
THROUGH LINK: 1
SEQUENCE: 1

					DATA RECEIVED
					SOURCE:  Indonesia
					DEST:    Fiji
					IN LINK: 1
					SEQ NO:  2
					UP TO APPLICATION

ACK TRANSMITTED
SOURCE: Fiji
DEST: Indonesia
THROUGH LINK: 1
SEQUENCE: 2

DATA TRANSMITTED
SOURCE: Fiji
DEST: New Zealand
THROUGH LINK: 1
SEQUENCE: 1
WINDOW SIZE: 2

					DATA RECEIVED
					SOURCE:  Indonesia
					DEST:    Fiji
					IN LINK: 1
					SEQ NO:  3
					UP TO APPLICATION

ACK TRANSMITTED
SOURCE: Fiji
DEST: Indonesia
THROUGH LINK: 1
SEQUENCE: 3

DATA TRANSMITTED
SOURCE: Fiji
DEST: New Zealand
THROUGH LINK: 1
SEQUENCE: 2
WINDOW SIZE: 3

Disabling application for link 1

					ACK RECEIVED
					SOURCE:  Singapore
					DEST:    Fiji
					IN LINK: 1
					SEQ NO:  0
					WINDOW SIZE: 2

					DATA RECEIVED
					SOURCE:  Malaysia
					DEST:    Fiji
					IN LINK: 1
					SEQ NO:  0
					UP TO APPLICATION

ACK TRANSMITTED
SOURCE: Fiji
DEST: Malaysia
THROUGH LINK: 1
SEQUENCE: 0

					ACK RECEIVED
					SOURCE:  New Zealand
					DEST:    Fiji
					IN LINK: 1
					SEQ NO:  1
					WINDOW SIZE: 1

DATA TRANSMITTED
SOURCE: Fiji
DEST: Malaysia
THROUGH LINK: 1
SEQUENCE: 3
WINDOW SIZE: 2

DATA TRANSMITTED
SOURCE: Fiji
DEST: New Zealand
THROUGH LINK: 1
SEQUENCE: 0
WINDOW SIZE: 3

Disabling application for link 1

					ACK RECEIVED
					SOURCE:  New Zealand
					DEST:    Fiji
					IN LINK: 1
					SEQ NO:  2
					WINDOW SIZE: 2

					DATA RECEIVED
					SOURCE:  New Zealand
					DEST:    Fiji
					IN LINK: 1
					SEQ NO:  1
					UP TO APPLICATION

ACK TRANSMITTED
SOURCE: Fiji
DEST: New Zealand
THROUGH LINK: 1
SEQUENCE: 1

					ACK RECEIVED
					SOURCE:  New Zealand
					DEST:    Fiji
					IN LINK: 1
					SEQ NO:  0
					WINDOW SIZE: 0

DATA TRANSMITTED
SOURCE: Fiji
DEST: New Zealand
THROUGH LINK: 1
SEQUENCE: 1
WINDOW SIZE: 1

DATA TRANSMITTED
SOURCE: Fiji
DEST: Indonesia
THROUGH LINK: 1
SEQUENCE: 2
WINDOW SIZE: 2

					ACK RECEIVED
					SOURCE:  New Zealand
					DEST:    Fiji
					IN LINK: 1
					SEQ NO:  1
					WINDOW SIZE: 1

DATA TRANSMITTED
SOURCE: Fiji
DEST: New Zealand
THROUGH LINK: 1
SEQUENCE: 3
WINDOW SIZE: 2
					FRAME ALREADY RECEIVED: RE-TRANSMIT ACK

ACK TRANSMITTED
SOURCE: Fiji
DEST: New Zealand
THROUGH LINK: 1
SEQUENCE: 1

					ACK RECEIVED
					SOURCE:  Indonesia
					DEST:    Fiji
					IN LINK: 1
					SEQ NO:  2
					WINDOW SIZE: 1

					ACK RECEIVED
					SOURCE:  New Zealand
					DEST:    Fiji
					IN LINK: 1
					SEQ NO:  3
					WINDOW SIZE: 0

DATA TRANSMITTED
SOURCE: Fiji
DEST: New Zealand
THROUGH LINK: 1
SEQUENCE: 0
WINDOW SIZE: 1

DATA TRANSMITTED
SOURCE: Fiji
DEST: Malaysia
THROUGH LINK: 1
SEQUENCE: 1
WINDOW SIZE: 2

					DATA RECEIVED
					SOURCE:  Australia
					DEST:    Fiji
					IN LINK: 1
					SEQ NO:  2
					UP TO APPLICATION

ACK TRANSMITTED
SOURCE: Fiji
DEST: Australia
THROUGH LINK: 1
SEQUENCE: 2

					DATA RECEIVED
					SOURCE:  Australia
					DEST:    Fiji
					IN LINK: 1
					SEQ NO:  3
					UP TO APPLICATION

ACK TRANSMITTED
SOURCE: Fiji
DEST: Australia
THROUGH LINK: 1
SEQUENCE: 3

DATA TRANSMITTED
SOURCE: Fiji
DEST: New Zealand
THROUGH LINK: 1
SEQUENCE: 2
WINDOW SIZE: 3

Disabling application for link 1

					ACK RECEIVED
					SOURCE:  New Zealand
					DEST:    Fiji
					IN LINK: 1
					SEQ NO:  0
					WINDOW SIZE: 2

					DATA RECEIVED
					SOURCE:  Australia
					DEST:    Fiji
					IN LINK: 1
					SEQ NO:  0
					UP TO APPLICATION

ACK TRANSMITTED
SOURCE: Fiji
DEST: Australia
THROUGH LINK: 1
SEQUENCE: 0

					DATA RECEIVED
					SOURCE:  Singapore
					DEST:    Fiji
					IN LINK: 1
					SEQ NO:  1
					UP TO APPLICATION

ACK TRANSMITTED
SOURCE: Fiji
DEST: Singapore
THROUGH LINK: 1
SEQUENCE: 1

DATA TRANSMITTED
SOURCE: Fiji
DEST: Australia
THROUGH LINK: 1
SEQUENCE: 3
WINDOW SIZE: 3

Disabling application for link 1

					DATA RECEIVED
					SOURCE:  Brunei
					DEST:    Fiji
					IN LINK: 1
					SEQ NO:  2
					UP TO APPLICATION

ACK TRANSMITTED
SOURCE: Fiji
DEST: Brunei
THROUGH LINK: 1
SEQUENCE: 2
