
DATA TRANSMITTED
SOURCE: Malaysia
DEST: Brunei
THROUGH LINK: 1
SEQUENCE: 0
WINDOW SIZE: 1

DATA TRANSMITTED
SOURCE: Malaysia
DEST: Fiji
THROUGH LINK: 1
SEQUENCE: 1
WINDOW SIZE: 2

DATA TRANSMITTED
SOURCE: Malaysia
DEST: New Zealand
THROUGH LINK: 1
SEQUENCE: 2
WINDOW SIZE: 3

Disabling application for link 1

DATA TRANSMITTED
SOURCE: Malaysia
DEST: Singapore
THROUGH LINK: 2
SEQUENCE: 0
WINDOW SIZE: 1

					ACK RECEIVED
					SOURCE:  Brunei
					DEST:    Malaysia
					IN LINK: 1
					SEQ NO:  0
					WINDOW SIZE: 2

					ACK RECEIVED
					SOURCE:  Fiji
					DEST:    Malaysia
					IN LINK: 1
					SEQ NO:  1
					WINDOW SIZE: 1

DATA TRANSMITTED
SOURCE: Malaysia
DEST: Brunei
THROUGH LINK: 1
SEQUENCE: 3
WINDOW SIZE: 2

					DATA RECEIVED
					SOURCE:  Singapore
					DEST:    Malaysia
					IN LINK: 2
					SEQ NO:  0
					UP TO APPLICATION

ACK TRANSMITTED
SOURCE: Malaysia
DEST: Singapore
THROUGH LINK: 2
SEQUENCE: 0

					ACK RECEIVED
					SOURCE:  New Zealand
					DEST:    Malaysia
					IN LINK: 1
					SEQ NO:  2
					WINDOW SIZE: 1

					DATA RECEIVED
					SOURCE:  Singapore
					DEST:    Malaysia
					IN LINK: 2
					SEQ NO:  1
					UP TO APPLICATION

ACK TRANSMITTED
SOURCE: Malaysia
DEST: Singapore
THROUGH LINK: 2
SEQUENCE: 1

DATA TRANSMITTED
SOURCE: Malaysia
DEST: Brunei
THROUGH LINK: 1
SEQUENCE: 0
WINDOW SIZE: 2

					DATA RECEIVED
					SOURCE:  Singapore
					DEST:    Malaysia
					IN LINK: 2
					SEQ NO:  2
					UP TO APPLICATION

ACK TRANSMITTED
SOURCE: Malaysia
DEST: Singapore
THROUGH LINK: 2
SEQUENCE: 2

					ACK RECEIVED
					SOURCE:  Singapore
					DEST:    Malaysia
					IN LINK: 2
					SEQ NO:  0
					WINDOW SIZE: 0

					DATA RECEIVED
					SOURCE:  Indonesia
					DEST:    Malaysia
					IN LINK: 1
					SEQ NO:  0
					UP TO APPLICATION

ACK TRANSMITTED
SOURCE: Malaysia
DEST: Indonesia
THROUGH LINK: 1
SEQUENCE: 0

DATA TRANSMITTED
SOURCE: Malaysia
DEST: Singapore
THROUGH LINK: 2
SEQUENCE: 1
WINDOW SIZE: 1

DATA TRANSMITTED
SOURCE: Malaysia
DEST: Indonesia
THROUGH LINK: 1
SEQUENCE: 1
WINDOW SIZE: 3

Disabling application for link 1

					ACK RECEIVED
					SOURCE:  Brunei
					DEST:    Malaysia
					IN LINK: 1
					SEQ NO:  3
					WINDOW SIZE: 2

					DATA RECEIVED
					SOURCE:  New Zealand
					DEST:    Malaysia
					IN LINK: 1
					SEQ NO:  1
					UP TO APPLICATION

ACK TRANSMITTED
SOURCE: Malaysia
DEST: New Zealand
THROUGH LINK: 1
SEQUENCE: 1

					ACK RECEIVED
					SOURCE:  Brunei
					DEST:    Malaysia
					IN LINK: 1
					SEQ NO:  0
					WINDOW SIZE: 1

DATA TRANSMITTED
SOURCE: Malaysia
DEST: Brunei
THROUGH LINK: 1
SEQUENCE: 2
WINDOW SIZE: 2

					DATA RECEIVED
					SOURCE:  Singapore
					DEST:    Malaysia
					IN LINK: 2
					SEQ NO:  3
					UP TO APPLICATION

ACK TRANSMITTED
SOURCE: Malaysia
DEST: Singapore
THROUGH LINK: 2
SEQUENCE: 3

					DATA RECEIVED
					SOURCE:  New Zealand
					DEST:    Malaysia
					IN LINK: 1
					SEQ NO:  2
					UP TO APPLICATION

ACK TRANSMITTED
SOURCE: Malaysia
DEST: New Zealand
THROUGH LINK: 1
SEQUENCE: 2

					ACK RECEIVED
					SOURCE:  Singapore
					DEST:    Malaysia
					IN LINK: 2
					SEQ NO:  1
					WINDOW SIZE: 0

					DATA RECEIVED
					SOURCE:  Indonesia
					DEST:    Malaysia
					IN LINK: 1
					SEQ NO:  3
					UP TO APPLICATION

ACK TRANSMITTED
SOURCE: Malaysia
DEST: Indonesia
THROUGH LINK: 1
SEQUENCE: 3

					ACK RECEIVED
					SOURCE:  Indonesia
					DEST:    Malaysia
					IN LINK: 1
					SEQ NO:  1
					WINDOW SIZE: 1

DATA TRANSMITTED
SOURCE: Malaysia
DEST: Singapore
THROUGH LINK: 2
SEQUENCE: 2
WINDOW SIZE: 1

DATA TRANSMITTED
SOURCE: Malaysia
DEST: New Zealand
THROUGH LINK: 1
SEQUENCE: 3
WINDOW SIZE: 2

					ACK RECEIVED
					SOURCE:  Brunei
					DEST:    Malaysia
					IN LINK: 1
					SEQ NO:  2
					WINDOW SIZE: 1

					DATA RECEIVED
					SOURCE:  Singapore
					DEST:    Malaysia
					IN LINK: 2
					SEQ NO:  1
					WRONG SEQUENCE NUMBER, DROPPED.
					EXPECTING: 0 GOT: 1

					DATA RECEIVED
					SOURCE:  Fiji
					DEST:    Malaysia
					IN LINK: 1
					SEQ NO:  0
					UP TO APPLICATION

ACK TRANSMITTED
SOURCE: Malaysia
DEST: Fiji
THROUGH LINK: 1
SEQUENCE: 0

					DATA RECEIVED
					SOURCE:  Australia
					DEST:    Malaysia
					IN LINK: 1
					SEQ NO:  1
					UP TO APPLICATION

ACK TRANSMITTED
SOURCE: Malaysia
DEST: Australia
THROUGH LINK: 1
SEQUENCE: 1

DATA TRANSMITTED
SOURCE: Malaysia
DEST: Singapore
THROUGH LINK: 2
SEQUENCE: 3
WINDOW SIZE: 2

					ACK RECEIVED
					SOURCE:  Singapore
					DEST:    Malaysia
					IN LINK: 2
					SEQ NO:  2
					WINDOW SIZE: 1

					ACK RECEIVED
					SOURCE:  New Zealand
					DEST:    Malaysia
					IN LINK: 1
					SEQ NO:  3
					WINDOW SIZE: 0

DATA TRANSMITTED
SOURCE: Malaysia
DEST: New Zealand
THROUGH LINK: 1
SEQUENCE: 0
WINDOW SIZE: 1

DATA TRANSMITTED
SOURCE: Malaysia
DEST: Brunei
THROUGH LINK: 1
SEQUENCE: 1
WINDOW SIZE: 2

DATA TRANSMITTED
SOURCE: Malaysia
DEST: Brunei
THROUGH LINK: 1
SEQUENCE: 2
WINDOW SIZE: 3

Disabling application for link 1

DATA TRANSMITTED
SOURCE: Malaysia
DEST: Singapore
THROUGH LINK: 2
SEQUENCE: 0
WINDOW SIZE: 2

DATA TRANSMITTED
SOURCE: Malaysia
DEST: Singapore
THROUGH LINK: 2
SEQUENCE: 1
WINDOW SIZE: 3

Disabling application for link 2

					DATA RECEIVED
					SOURCE:  Australia
					DEST:    Malaysia
					IN LINK: 1
					SEQ NO:  2
					UP TO APPLICATION

ACK TRANSMITTED
SOURCE: Malaysia
DEST: Australia
THROUGH LINK: 1
SEQUENCE: 2
					FRAME ALREADY RECEIVED: RE-TRANSMIT ACK

ACK TRANSMITTED
SOURCE: Malaysia
DEST: Singapore
THROUGH LINK: 2
SEQUENCE: 3

					DATA RECEIVED
					SOURCE:  Australia
					DEST:    Malaysia
					IN LINK: 1
					SEQ NO:  3
					UP TO APPLICATION

ACK TRANSMITTED
SOURCE: Malaysia
DEST: Australia
THROUGH LINK: 1
SEQUENCE: 3

					ACK RECEIVED
					SOURCE:  Singapore
					DEST:    Malaysia
					IN LINK: 2
					SEQ NO:  3
					WINDOW SIZE: 2

					ACK RECEIVED
					SOURCE:  New Zealand
					DEST:    Malaysia
					IN LINK: 1
					SEQ NO:  0
					WINDOW SIZE: 2

					ACK RECEIVED
					SOURCE:  Brunei
					DEST:    Malaysia
					IN LINK: 1
					SEQ NO:  1
					WINDOW SIZE: 1

					ACK RECEIVED
					SOURCE:  Singapore
					DEST:    Malaysia
					IN LINK: 2
					SEQ NO:  0
					WINDOW SIZE: 1

					ACK RECEIVED
					SOURCE:  Brunei
					DEST:    Malaysia
					IN LINK: 1
					SEQ NO:  2
					WINDOW SIZE: 0

DATA TRANSMITTED
SOURCE: Malaysia
DEST: Fiji
THROUGH LINK: 1
SEQUENCE: 3
WINDOW SIZE: 1

					ACK RECEIVED
					SOURCE:  Singapore
					DEST:    Malaysia
					IN LINK: 2
					SEQ NO:  1
					WINDOW SIZE: 0

					DATA RECEIVED
					SOURCE:  Singapore
					DEST:    Malaysia
					IN LINK: 2
					SEQ NO:  2
					WRONG SEQUENCE NUMBER, DROPPED.
					EXPECTING: 0 GOT: 2

					DATA RECEIVED
					SOURCE:  Singapore
					DEST:    Malaysia
					IN LINK: 2
					SEQ NO:  0
					UP TO APPLICATION

ACK TRANSMITTED
SOURCE: Malaysia
DEST: Singapore
THROUGH LINK: 2
SEQUENCE: 0

					DATA RECEIVED
					SOURCE:  Singapore
					DEST:    Malaysia
					IN LINK: 2
					SEQ NO:  1
					UP TO APPLICATION

ACK TRANSMITTED
SOURCE: Malaysia
DEST: Singapore
THROUGH LINK: 2
SEQUENCE: 1

DATA TRANSMITTED
SOURCE: Malaysia
DEST: Australia
THROUGH LINK: 1
SEQUENCE: 0
WINDOW SIZE: 2

DATA TRANSMITTED
SOURCE: Malaysia
DEST: Singapore
THROUGH LINK: 2
SEQUENCE: 2
WINDOW SIZE: 1

DATA TRANSMITTED
SOURCE: Malaysia
DEST: Fiji
THROUGH LINK: 1
SEQUENCE: 1
WINDOW SIZE: 3

Disabling application for link 1

DATA TRANSMITTED
SOURCE: Malaysia
DEST: Singapore
THROUGH LINK: 2
SEQUENCE: 3
WINDOW SIZE: 2

DATA TRANSMITTED
SOURCE: Malaysia
DEST: Singapore
THROUGH LINK: 2
SEQUENCE: 0
WINDOW SIZE: 3

Disabling application for link 2

TIMEOUT
SOURCE:   Malaysia
DEST:     Fiji
SEQ NO:   1

DATA TRANSMITTED
SOURCE: Malaysia
DEST: Fiji
THROUGH LINK: 1
SEQUENCE: 3
WINDOW SIZE: 3

					ACK RECEIVED
					SOURCE:  Singapore
					DEST:    Malaysia
					IN LINK: 2
					SEQ NO:  2
					WINDOW SIZE: 2

					DATA RECEIVED
					SOURCE:  Singapore
					DEST:    Malaysia
					IN LINK: 2
					SEQ NO:  2
					UP TO APPLICATION

ACK TRANSMITTED
SOURCE: Malaysia
DEST: Singapore
THROUGH LINK: 2
SEQUENCE: 2

					ACK RECEIVED
					SOURCE:  Singapore
					DEST:    Malaysia
					IN LINK: 2
					SEQ NO:  3
					WINDOW SIZE: 1

					DATA RECEIVED
					SOURCE:  Singapore
					DEST:    Malaysia
					IN LINK: 2
					SEQ NO:  3
					UP TO APPLICATION

ACK TRANSMITTED
SOURCE: Malaysia
DEST: Singapore
THROUGH LINK: 2
SEQUENCE: 3

					ACK RECEIVED
					SOURCE:  Singapore
					DEST:    Malaysia
					IN LINK: 2
					SEQ NO:  0
					WINDOW SIZE: 0

					DATA RECEIVED
					SOURCE:  Singapore
					DEST:    Malaysia
					IN LINK: 2
					SEQ NO:  0
					UP TO APPLICATION

ACK TRANSMITTED
SOURCE: Malaysia
DEST: Singapore
THROUGH LINK: 2
SEQUENCE: 0
