
DATA TRANSMITTED
SOURCE: New Zealand
DEST: Fiji
THROUGH LINK: 1
SEQUENCE: 0
WINDOW SIZE: 1

DATA TRANSMITTED
SOURCE: New Zealand
DEST: Fiji
THROUGH LINK: 1
SEQUENCE: 1
WINDOW SIZE: 2

					ACK RECEIVED
					SOURCE:  Fiji
					DEST:    New Zealand
					IN LINK: 1
					SEQ NO:  0
					WINDOW SIZE: 1

					DATA RECEIVED
					SOURCE:  Australia
					DEST:    New Zealand
					IN LINK: 1
					SEQ NO:  0
					UP TO APPLICATION

ACK TRANSMITTED
SOURCE: New Zealand
DEST: Australia
THROUGH LINK: 1
SEQUENCE: 0

					ACK RECEIVED
					SOURCE:  Fiji
					DEST:    New Zealand
					IN LINK: 1
					SEQ NO:  1
					WINDOW SIZE: 0

					DATA RECEIVED
					SOURCE:  Australia
					DEST:    New Zealand
					IN LINK: 1
					SEQ NO:  1
					UP TO APPLICATION

ACK TRANSMITTED
SOURCE: New Zealand
DEST: Australia
THROUGH LINK: 1
SEQUENCE: 1

					FRAME RECEIVED
					BAD CHECKSUM

DATA TRANSMITTED
SOURCE: New Zealand
DEST: Brunei
THROUGH LINK: 1
SEQUENCE: 2
WINDOW SIZE: 1

DATA TRANSMITTED
SOURCE: New Zealand
DEST: Australia
THROUGH LINK: 1
SEQUENCE: 3
WINDOW SIZE: 2

					DATA RECEIVED
					SOURCE:  Indonesia
					DEST:    New Zealand
					IN LINK: 1
					SEQ NO:  3
					WRONG SEQUENCE NUMBER, DROPPED.
					EXPECTING: 2 GOT: 3

DATA TRANSMITTED
SOURCE: New Zealand
DEST: Indonesia
THROUGH LINK: 1
SEQUENCE: 0
WINDOW SIZE: 3

Disabling application for link 1

					DATA RECEIVED
					SOURCE:  Malaysia
					DEST:    New Zealand
					IN LINK: 1
					SEQ NO:  0
					WRONG SEQUENCE NUMBER, DROPPED.
					EXPECTING: 2 GOT: 0

					ACK RECEIVED
					SOURCE:  Australia
					DEST:    New Zealand
					IN LINK: 1
					SEQ NO:  3
					WINDOW SIZE: 1

DATA TRANSMITTED
SOURCE: New Zealand
DEST: Australia
THROUGH LINK: 1
SEQUENCE: 1
WINDOW SIZE: 2

					ACK RECEIVED
					SOURCE:  Indonesia
					DEST:    New Zealand
					IN LINK: 1
					SEQ NO:  0
					WINDOW SIZE: 1

DATA TRANSMITTED
SOURCE: New Zealand
DEST: Fiji
THROUGH LINK: 1
SEQUENCE: 2
WINDOW SIZE: 2

					ACK RECEIVED
					SOURCE:  Australia
					DEST:    New Zealand
					IN LINK: 1
					SEQ NO:  1
					WINDOW SIZE: 1

DATA TRANSMITTED
SOURCE: New Zealand
DEST: Brunei
THROUGH LINK: 1
SEQUENCE: 3
WINDOW SIZE: 2

					ACK RECEIVED
					SOURCE:  Fiji
					DEST:    New Zealand
					IN LINK: 1
					SEQ NO:  2
					WINDOW SIZE: 1

DATA TRANSMITTED
SOURCE: New Zealand
DEST: Brunei
THROUGH LINK: 1
SEQUENCE: 0
WINDOW SIZE: 2

					DATA RECEIVED
					SOURCE:  Fiji
					DEST:    New Zealand
					IN LINK: 1
					SEQ NO:  2
					UP TO APPLICATION

ACK TRANSMITTED
SOURCE: New Zealand
DEST: Fiji
THROUGH LINK: 1
SEQUENCE: 2

					DATA RECEIVED
					SOURCE:  Indonesia
					DEST:    New Zealand
					IN LINK: 1
					SEQ NO:  3
					UP TO APPLICATION

ACK TRANSMITTED
SOURCE: New Zealand
DEST: Indonesia
THROUGH LINK: 1
SEQUENCE: 3

					DATA RECEIVED
					SOURCE:  Malaysia
					DEST:    New Zealand
					IN LINK: 1
					SEQ NO:  0
					UP TO APPLICATION

ACK TRANSMITTED
SOURCE: New Zealand
DEST: Malaysia
THROUGH LINK: 1
SEQUENCE: 0

DATA TRANSMITTED
SOURCE: New Zealand
DEST: Malaysia
THROUGH LINK: 1
SEQUENCE: 1
WINDOW SIZE: 3

Disabling application for link 1

					ACK RECEIVED
					SOURCE:  Brunei
					DEST:    New Zealand
					IN LINK: 1
					SEQ NO:  3
					WINDOW SIZE: 2

					DATA RECEIVED
					SOURCE:  Indonesia
					DEST:    New Zealand
					IN LINK: 1
					SEQ NO:  1
					UP TO APPLICATION

ACK TRANSMITTED
SOURCE: New Zealand
DEST: Indonesia
THROUGH LINK: 1
SEQUENCE: 1

DATA TRANSMITTED
SOURCE: New Zealand
DEST: Fiji
THROUGH LINK: 1
SEQUENCE: 2
WINDOW SIZE: 3

Disabling application for link 1

					DATA RECEIVED
					SOURCE:  Fiji
					DEST:    New Zealand
					IN LINK: 1
					SEQ NO:  2
					UP TO APPLICATION

ACK TRANSMITTED
SOURCE: New Zealand
DEST: Fiji
THROUGH LINK: 1
SEQUENCE: 2

					DATA RECEIVED
					SOURCE:  Fiji
					DEST:    New Zealand
					IN LINK: 1
					SEQ NO:  3
					UP TO APPLICATION

ACK TRANSMITTED
SOURCE: New Zealand
DEST: Fiji
THROUGH LINK: 1
SEQUENCE: 3

					DATA RECEIVED
					SOURCE:  Australia
					DEST:    New Zealand
					IN LINK: 1
					SEQ NO:  1
					WRONG SEQUENCE NUMBER, DROPPED.
					EXPECTING: 0 GOT: 1

TIMEOUT
SOURCE:   New Zealand
DEST:     Malaysia
SEQ NO:   1

DATA TRANSMITTED
SOURCE: New Zealand
DEST: Malaysia
THROUGH LINK: 1
SEQUENCE: 1
WINDOW SIZE: 3

TIMEOUT
SOURCE:   New Zealand
DEST:     Brunei
SEQ NO:   1

DATA TRANSMITTED
SOURCE: New Zealand
DEST: Brunei
THROUGH LINK: 1
SEQUENCE: 0
WINDOW SIZE: 3

TIMEOUT
SOURCE:   New Zealand
DEST:     Fiji
SEQ NO:   1

DATA TRANSMITTED
SOURCE: New Zealand
DEST: Fiji
THROUGH LINK: 1
SEQUENCE: 2
WINDOW SIZE: 3

					ACK RECEIVED
					SOURCE:  Brunei
					DEST:    New Zealand
					IN LINK: 1
					SEQ NO:  0
					WINDOW SIZE: 2

DATA TRANSMITTED
SOURCE: New Zealand
DEST: Fiji
THROUGH LINK: 1
SEQUENCE: 3
WINDOW SIZE: 3

Disabling application for link 1

					FRAME RECEIVED
					BAD CHECKSUM

TIMEOUT
SOURCE:   New Zealand
DEST:     Malaysia
SEQ NO:   1

DATA TRANSMITTED
SOURCE: New Zealand
DEST: Malaysia
THROUGH LINK: 1
SEQUENCE: 1
WINDOW SIZE: 3

					DATA RECEIVED
					SOURCE:  Brunei
					DEST:    New Zealand
					IN LINK: 1
					SEQ NO:  0
					UP TO APPLICATION

ACK TRANSMITTED
SOURCE: New Zealand
DEST: Brunei
THROUGH LINK: 1
SEQUENCE: 0

					DATA RECEIVED
					SOURCE:  Australia
					DEST:    New Zealand
					IN LINK: 1
					SEQ NO:  1
					UP TO APPLICATION

ACK TRANSMITTED
SOURCE: New Zealand
DEST: Australia
THROUGH LINK: 1
SEQUENCE: 1

					ACK RECEIVED
					SOURCE:  Malaysia
					DEST:    New Zealand
					IN LINK: 1
					SEQ NO:  1
					WINDOW SIZE: 2

					DATA RECEIVED
					SOURCE:  Fiji
					DEST:    New Zealand
					IN LINK: 1
					SEQ NO:  3
					WRONG SEQUENCE NUMBER, DROPPED.
					EXPECTING: 2 GOT: 3

TIMEOUT
SOURCE:   New Zealand
DEST:     Fiji
SEQ NO:   1

DATA TRANSMITTED
SOURCE: New Zealand
DEST: Fiji
THROUGH LINK: 1
SEQUENCE: 2
WINDOW SIZE: 2

					DATA RECEIVED
					SOURCE:  Brunei
					DEST:    New Zealand
					IN LINK: 1
					SEQ NO:  0
					WRONG SEQUENCE NUMBER, DROPPED.
					EXPECTING: 2 GOT: 0

TIMEOUT
SOURCE:   New Zealand
DEST:     Fiji
SEQ NO:   1

DATA TRANSMITTED
SOURCE: New Zealand
DEST: Fiji
THROUGH LINK: 1
SEQUENCE: 3
WINDOW SIZE: 2

DATA TRANSMITTED
SOURCE: New Zealand
DEST: Fiji
THROUGH LINK: 1
SEQUENCE: 0
WINDOW SIZE: 3

Disabling application for link 1

					DATA RECEIVED
					SOURCE:  Fiji
					DEST:    New Zealand
					IN LINK: 1
					SEQ NO:  2
					UP TO APPLICATION

ACK TRANSMITTED
SOURCE: New Zealand
DEST: Fiji
THROUGH LINK: 1
SEQUENCE: 2

					ACK RECEIVED
					SOURCE:  Fiji
					DEST:    New Zealand
					IN LINK: 1
					SEQ NO:  2
					WINDOW SIZE: 2

DATA TRANSMITTED
SOURCE: New Zealand
DEST: Indonesia
THROUGH LINK: 1
SEQUENCE: 1
WINDOW SIZE: 3

Disabling application for link 1

					ACK RECEIVED
					SOURCE:  Fiji
					DEST:    New Zealand
					IN LINK: 1
					SEQ NO:  3
					WINDOW SIZE: 2

					FRAME RECEIVED
					BAD CHECKSUM

DATA TRANSMITTED
SOURCE: New Zealand
DEST: Indonesia
THROUGH LINK: 1
SEQUENCE: 2
WINDOW SIZE: 3

Disabling application for link 1

					ACK RECEIVED
					SOURCE:  Indonesia
					DEST:    New Zealand
					IN LINK: 1
					SEQ NO:  1
					WINDOW SIZE: 1

DATA TRANSMITTED
SOURCE: New Zealand
DEST: Indonesia
THROUGH LINK: 1
SEQUENCE: 3
WINDOW SIZE: 2

DATA TRANSMITTED
SOURCE: New Zealand
DEST: Brunei
THROUGH LINK: 1
SEQUENCE: 0
WINDOW SIZE: 3

Disabling application for link 1

					DATA RECEIVED
					SOURCE:  Fiji
					DEST:    New Zealand
					IN LINK: 1
					SEQ NO:  3
					UP TO APPLICATION

ACK TRANSMITTED
SOURCE: New Zealand
DEST: Fiji
THROUGH LINK: 1
SEQUENCE: 3

					ACK RECEIVED
					SOURCE:  Indonesia
					DEST:    New Zealand
					IN LINK: 1
					SEQ NO:  2
					WINDOW SIZE: 2

DATA TRANSMITTED
SOURCE: New Zealand
DEST: Indonesia
THROUGH LINK: 1
SEQUENCE: 1
WINDOW SIZE: 3

Disabling application for link 1

					DATA RECEIVED
					SOURCE:  Brunei
					DEST:    New Zealand
					IN LINK: 1
					SEQ NO:  0
					UP TO APPLICATION

ACK TRANSMITTED
SOURCE: New Zealand
DEST: Brunei
THROUGH LINK: 1
SEQUENCE: 0

					ACK RECEIVED
					SOURCE:  Indonesia
					DEST:    New Zealand
					IN LINK: 1
					SEQ NO:  3
					WINDOW SIZE: 2

					ACK RECEIVED
					SOURCE:  Brunei
					DEST:    New Zealand
					IN LINK: 1
					SEQ NO:  0
					WINDOW SIZE: 1

					ACK RECEIVED
					SOURCE:  Indonesia
					DEST:    New Zealand
					IN LINK: 1
					SEQ NO:  1
					WINDOW SIZE: 0

DATA TRANSMITTED
SOURCE: New Zealand
DEST: Indonesia
THROUGH LINK: 1
SEQUENCE: 2
WINDOW SIZE: 1

DATA TRANSMITTED
SOURCE: New Zealand
DEST: Indonesia
THROUGH LINK: 1
SEQUENCE: 3
WINDOW SIZE: 2

DATA TRANSMITTED
SOURCE: New Zealand
DEST: Brunei
THROUGH LINK: 1
SEQUENCE: 0
WINDOW SIZE: 3

Disabling application for link 1

					ACK RECEIVED
					SOURCE:  Indonesia
					DEST:    New Zealand
					IN LINK: 1
					SEQ NO:  2
					WINDOW SIZE: 2

DATA TRANSMITTED
SOURCE: New Zealand
DEST: Malaysia
THROUGH LINK: 1
SEQUENCE: 1
WINDOW SIZE: 3

Disabling application for link 1

					DATA RECEIVED
					SOURCE:  Singapore
					DEST:    New Zealand
					IN LINK: 1
					SEQ NO:  1
					UP TO APPLICATION

ACK TRANSMITTED
SOURCE: New Zealand
DEST: Singapore
THROUGH LINK: 1
SEQUENCE: 1

					ACK RECEIVED
					SOURCE:  Indonesia
					DEST:    New Zealand
					IN LINK: 1
					SEQ NO:  3
					WINDOW SIZE: 2

DATA TRANSMITTED
SOURCE: New Zealand
DEST: Australia
THROUGH LINK: 1
SEQUENCE: 2
WINDOW SIZE: 3

Disabling application for link 1

TIMEOUT
SOURCE:   New Zealand
DEST:     Malaysia
SEQ NO:   1

DATA TRANSMITTED
SOURCE: New Zealand
DEST: Malaysia
THROUGH LINK: 1
SEQUENCE: 1
WINDOW SIZE: 3

TIMEOUT
SOURCE:   New Zealand
DEST:     Brunei
SEQ NO:   1

DATA TRANSMITTED
SOURCE: New Zealand
DEST: Brunei
THROUGH LINK: 1
SEQUENCE: 0
WINDOW SIZE: 3

					ACK RECEIVED
					SOURCE:  Brunei
					DEST:    New Zealand
					IN LINK: 1
					SEQ NO:  0
					WINDOW SIZE: 2
