
DATA TRANSMITTED
SOURCE: Singapore
DEST: New Zealand
THROUGH LINK: 1
SEQUENCE: 0
WINDOW SIZE: 1

DATA TRANSMITTED
SOURCE: Singapore
DEST: Indonesia
THROUGH LINK: 1
SEQUENCE: 1
WINDOW SIZE: 2

					ACK RECEIVED
					DEST:    Singapore
					IN LINK: 1
					SEQ NO:  0
					WINDOW SIZE: 1

					ACK RECEIVED
					DEST:    Singapore
					IN LINK: 1
					SEQ NO:  1
					WINDOW SIZE: 0

DATA TRANSMITTED
SOURCE: Singapore
DEST: Malaysia
THROUGH LINK: 2
SEQUENCE: 0
WINDOW SIZE: 1

					ACK RECEIVED
					DEST:    Singapore
					IN LINK: 2
					SEQ NO:  0
					WINDOW SIZE: 0

DATA TRANSMITTED
SOURCE: Singapore
DEST: New Zealand
THROUGH LINK: 1
SEQUENCE: 2
WINDOW SIZE: 1

DATA TRANSMITTED
SOURCE: Singapore
DEST: New Zealand
THROUGH LINK: 1
SEQUENCE: 3
WINDOW SIZE: 2

					DATA RECEIVED
					SOURCE:  Indonesia
					DEST:    Singapore
					IN LINK: 1
					SEQ NO:  0
					UP TO APPLICATION

ACK TRANSMITTED
SOURCE: Singapore
DEST: Indonesia
THROUGH LINK: 1
SEQUENCE: 0

DATA TRANSMITTED
SOURCE: Singapore
DEST: Malaysia
THROUGH LINK: 2
SEQUENCE: 1
WINDOW SIZE: 1

					DATA RECEIVED
					SOURCE:  Indonesia
					DEST:    Singapore
					IN LINK: 1
					SEQ NO:  1
					UP TO APPLICATION

ACK TRANSMITTED
SOURCE: Singapore
DEST: Indonesia
THROUGH LINK: 1
SEQUENCE: 1

					DATA RECEIVED
					SOURCE:  Indonesia
					DEST:    Singapore
					IN LINK: 1
					SEQ NO:  2
					UP TO APPLICATION

ACK TRANSMITTED
SOURCE: Singapore
DEST: Indonesia
THROUGH LINK: 1
SEQUENCE: 2

DATA TRANSMITTED
SOURCE: Singapore
DEST: Fiji
THROUGH LINK: 1
SEQUENCE: 4
WINDOW SIZE: 3

					ACK RECEIVED
					DEST:    Singapore
					IN LINK: 1
					SEQ NO:  2
					WINDOW SIZE: 2

					DATA RECEIVED
					SOURCE:  Indonesia
					DEST:    Singapore
					IN LINK: 1
					SEQ NO:  3
					UP TO APPLICATION

ACK TRANSMITTED
SOURCE: Singapore
DEST: Indonesia
THROUGH LINK: 1
SEQUENCE: 3

					ACK RECEIVED
					DEST:    Singapore
					IN LINK: 1
					SEQ NO:  3
					WINDOW SIZE: 1

					ACK RECEIVED
					DEST:    Singapore
					IN LINK: 2
					SEQ NO:  1
					WINDOW SIZE: 0

					DATA RECEIVED
					SOURCE:  Indonesia
					DEST:    Singapore
					IN LINK: 1
					SEQ NO:  4
					UP TO APPLICATION

ACK TRANSMITTED
SOURCE: Singapore
DEST: Indonesia
THROUGH LINK: 1
SEQUENCE: 4

					ACK RECEIVED
					DEST:    Singapore
					IN LINK: 1
					SEQ NO:  4
					WINDOW SIZE: 0

					DATA RECEIVED
					SOURCE:  Indonesia
					DEST:    Singapore
					IN LINK: 1
					SEQ NO:  5
					UP TO APPLICATION

ACK TRANSMITTED
SOURCE: Singapore
DEST: Indonesia
THROUGH LINK: 1
SEQUENCE: 5

					DATA RECEIVED
					SOURCE:  Indonesia
					DEST:    Singapore
					IN LINK: 1
					SEQ NO:  6
					UP TO APPLICATION

ACK TRANSMITTED
SOURCE: Singapore
DEST: Indonesia
THROUGH LINK: 1
SEQUENCE: 6

DATA TRANSMITTED
SOURCE: Singapore
DEST: Australia
THROUGH LINK: 1
SEQUENCE: 5
WINDOW SIZE: 1

DATA TRANSMITTED
SOURCE: Singapore
DEST: Australia
THROUGH LINK: 1
SEQUENCE: 6
WINDOW SIZE: 2

					DATA RECEIVED
					SOURCE:  Indonesia
					DEST:    Singapore
					IN LINK: 1
					SEQ NO:  7
					UP TO APPLICATION

ACK TRANSMITTED
SOURCE: Singapore
DEST: Indonesia
THROUGH LINK: 1
SEQUENCE: 7

					DATA RECEIVED
					SOURCE:  Indonesia
					DEST:    Singapore
					IN LINK: 1
					SEQ NO:  8
					UP TO APPLICATION

ACK TRANSMITTED
SOURCE: Singapore
DEST: Indonesia
THROUGH LINK: 1
SEQUENCE: 8

					DATA RECEIVED
					SOURCE:  Indonesia
					DEST:    Singapore
					IN LINK: 1
					SEQ NO:  9
					UP TO APPLICATION

ACK TRANSMITTED
SOURCE: Singapore
DEST: Indonesia
THROUGH LINK: 1
SEQUENCE: 9

DATA TRANSMITTED
SOURCE: Singapore
DEST: New Zealand
THROUGH LINK: 1
SEQUENCE: 7
WINDOW SIZE: 3

					ACK RECEIVED
					DEST:    Singapore
					IN LINK: 1
					SEQ NO:  5
					WINDOW SIZE: 2

					ACK RECEIVED
					DEST:    Singapore
					IN LINK: 1
					SEQ NO:  6
					WINDOW SIZE: 1

DATA TRANSMITTED
SOURCE: Singapore
DEST: Fiji
THROUGH LINK: 1
SEQUENCE: 8
WINDOW SIZE: 2

					DATA RECEIVED
					SOURCE:  New Zealand
					DEST:    Singapore
					IN LINK: 1
					SEQ NO:  10
					UP TO APPLICATION

ACK TRANSMITTED
SOURCE: Singapore
DEST: New Zealand
THROUGH LINK: 1
SEQUENCE: 10

					DATA RECEIVED
					SOURCE:  Malaysia
					DEST:    Singapore
					IN LINK: 2
					SEQ NO:  0
					UP TO APPLICATION

ACK TRANSMITTED
SOURCE: Singapore
DEST: Malaysia
THROUGH LINK: 2
SEQUENCE: 0

					ACK RECEIVED
					DEST:    Singapore
					IN LINK: 1
					SEQ NO:  7
					WINDOW SIZE: 1

DATA TRANSMITTED
SOURCE: Singapore
DEST: Malaysia
THROUGH LINK: 2
SEQUENCE: 2
WINDOW SIZE: 1

DATA TRANSMITTED
SOURCE: Singapore
DEST: Australia
THROUGH LINK: 1
SEQUENCE: 9
WINDOW SIZE: 2

DATA TRANSMITTED
SOURCE: Singapore
DEST: Brunei
THROUGH LINK: 1
SEQUENCE: 10
WINDOW SIZE: 3

DATA TRANSMITTED
SOURCE: Singapore
DEST: Brunei
THROUGH LINK: 1
SEQUENCE: 0
WINDOW SIZE: 4

					FRAME RECEIVED
					BAD CHECKSUM

					DATA RECEIVED
					SOURCE:  Fiji
					DEST:    Singapore
					IN LINK: 1
					SEQ NO:  0
					UP TO APPLICATION

ACK TRANSMITTED
SOURCE: Singapore
DEST: Fiji
THROUGH LINK: 1
SEQUENCE: 0

					DATA RECEIVED
					SOURCE:  Australia
					DEST:    Singapore
					IN LINK: 1
					SEQ NO:  1
					UP TO APPLICATION

ACK TRANSMITTED
SOURCE: Singapore
DEST: Australia
THROUGH LINK: 1
SEQUENCE: 1

					ACK RECEIVED
					DEST:    Singapore
					IN LINK: 2
					SEQ NO:  2
					WINDOW SIZE: 0

					DATA RECEIVED
					SOURCE:  Indonesia
					DEST:    Singapore
					IN LINK: 1
					SEQ NO:  2
					UP TO APPLICATION

ACK TRANSMITTED
SOURCE: Singapore
DEST: Indonesia
THROUGH LINK: 1
SEQUENCE: 2

DATA TRANSMITTED
SOURCE: Singapore
DEST: Fiji
THROUGH LINK: 1
SEQUENCE: 1
WINDOW SIZE: 5

					DATA RECEIVED
					SOURCE:  Indonesia
					DEST:    Singapore
					IN LINK: 1
					SEQ NO:  3
					UP TO APPLICATION

ACK TRANSMITTED
SOURCE: Singapore
DEST: Indonesia
THROUGH LINK: 1
SEQUENCE: 3

					ACK RECEIVED
					DEST:    Singapore
					IN LINK: 1
					SEQ NO:  9
					WINDOW SIZE: 4

					RESENDING FRAMES UP TO 8

DATA TRANSMITTED
SOURCE: Singapore
DEST: Fiji
THROUGH LINK: 1
SEQUENCE: 2
WINDOW SIZE: 4

					DATA RECEIVED
					SOURCE:  Indonesia
					DEST:    Singapore
					IN LINK: 1
					SEQ NO:  4
					UP TO APPLICATION

ACK TRANSMITTED
SOURCE: Singapore
DEST: Indonesia
THROUGH LINK: 1
SEQUENCE: 4

					ACK RECEIVED
					DEST:    Singapore
					IN LINK: 1
					SEQ NO:  10
					WINDOW SIZE: 3

					FRAME RECEIVED
					BAD CHECKSUM

DATA TRANSMITTED
SOURCE: Singapore
DEST: New Zealand
THROUGH LINK: 1
SEQUENCE: 3
WINDOW SIZE: 4

					DATA RECEIVED
					SOURCE:  Indonesia
					DEST:    Singapore
					IN LINK: 1
					SEQ NO:  5
					UP TO APPLICATION

ACK TRANSMITTED
SOURCE: Singapore
DEST: Indonesia
THROUGH LINK: 1
SEQUENCE: 5

DATA TRANSMITTED
SOURCE: Singapore
DEST: Brunei
THROUGH LINK: 1
SEQUENCE: 4
WINDOW SIZE: 5

DATA TRANSMITTED
SOURCE: Singapore
DEST: Malaysia
THROUGH LINK: 2
SEQUENCE: 3
WINDOW SIZE: 1

					ACK RECEIVED
					DEST:    Singapore
					IN LINK: 1
					SEQ NO:  1
					WINDOW SIZE: 4

					RESENDING FRAMES UP TO 0

					DATA RECEIVED
					SOURCE:  Indonesia
					DEST:    Singapore
					IN LINK: 1
					SEQ NO:  6
					UP TO APPLICATION

ACK TRANSMITTED
SOURCE: Singapore
DEST: Indonesia
THROUGH LINK: 1
SEQUENCE: 6

					ACK RECEIVED
					DEST:    Singapore
					IN LINK: 2
					SEQ NO:  3
					WINDOW SIZE: 0

					DATA RECEIVED
					SOURCE:  Indonesia
					DEST:    Singapore
					IN LINK: 1
					SEQ NO:  7
					UP TO APPLICATION

ACK TRANSMITTED
SOURCE: Singapore
DEST: Indonesia
THROUGH LINK: 1
SEQUENCE: 7

DATA TRANSMITTED
SOURCE: Singapore
DEST: Malaysia
THROUGH LINK: 2
SEQUENCE: 4
WINDOW SIZE: 1

DATA TRANSMITTED
SOURCE: Singapore
DEST: Indonesia
THROUGH LINK: 1
SEQUENCE: 5
WINDOW SIZE: 4

TIMEOUT
SOURCE:   Singapore
DEST:     Fiji
SEQ NO:   1

DATA TRANSMITTED
SOURCE: Singapore
DEST: Fiji
THROUGH LINK: 1
SEQUENCE: 2
WINDOW SIZE: 4

DATA TRANSMITTED
SOURCE: Singapore
DEST: Brunei
THROUGH LINK: 1
SEQUENCE: 6
WINDOW SIZE: 5

TIMEOUT
SOURCE:   Singapore
DEST:     New Zealand
SEQ NO:   1

DATA TRANSMITTED
SOURCE: Singapore
DEST: New Zealand
THROUGH LINK: 1
SEQUENCE: 3
WINDOW SIZE: 5

DATA TRANSMITTED
SOURCE: Singapore
DEST: Malaysia
THROUGH LINK: 2
SEQUENCE: 5
WINDOW SIZE: 2

					ACK RECEIVED
					DEST:    Singapore
					IN LINK: 2
					SEQ NO:  4
					WINDOW SIZE: 1

					DATA RECEIVED
					SOURCE:  Indonesia
					DEST:    Singapore
					IN LINK: 1
					SEQ NO:  8
					UP TO APPLICATION

ACK TRANSMITTED
SOURCE: Singapore
DEST: Indonesia
THROUGH LINK: 1
SEQUENCE: 8

DATA TRANSMITTED
SOURCE: Singapore
DEST: Malaysia
THROUGH LINK: 2
SEQUENCE: 6
WINDOW SIZE: 2

DATA TRANSMITTED
SOURCE: Singapore
DEST: Indonesia
THROUGH LINK: 1
SEQUENCE: 7
WINDOW SIZE: 6

TIMEOUT
SOURCE:   Singapore
DEST:     Brunei
SEQ NO:   1

DATA TRANSMITTED
SOURCE: Singapore
DEST: Brunei
THROUGH LINK: 1
SEQUENCE: 4
WINDOW SIZE: 6

					DATA RECEIVED
					SOURCE:  Fiji
					DEST:    Singapore
					IN LINK: 1
					SEQ NO:  9
					UP TO APPLICATION

ACK TRANSMITTED
SOURCE: Singapore
DEST: Fiji
THROUGH LINK: 1
SEQUENCE: 9

					ACK RECEIVED
					DEST:    Singapore
					IN LINK: 2
					SEQ NO:  5
					WINDOW SIZE: 1

					ACK RECEIVED
					DEST:    Singapore
					IN LINK: 2
					SEQ NO:  6
					WINDOW SIZE: 0

					DATA RECEIVED
					SOURCE:  Malaysia
					DEST:    Singapore
					IN LINK: 2
					SEQ NO:  1
					UP TO APPLICATION

ACK TRANSMITTED
SOURCE: Singapore
DEST: Malaysia
THROUGH LINK: 2
SEQUENCE: 1

DATA TRANSMITTED
SOURCE: Singapore
DEST: Fiji
THROUGH LINK: 1
SEQUENCE: 8
WINDOW SIZE: 7

DATA TRANSMITTED
SOURCE: Singapore
DEST: Malaysia
THROUGH LINK: 2
SEQUENCE: 7
WINDOW SIZE: 1

TIMEOUT
SOURCE:   Singapore
DEST:     Indonesia
SEQ NO:   1

DATA TRANSMITTED
SOURCE: Singapore
DEST: Indonesia
THROUGH LINK: 1
SEQUENCE: 5
WINDOW SIZE: 7

DATA TRANSMITTED
SOURCE: Singapore
DEST: Malaysia
THROUGH LINK: 2
SEQUENCE: 8
WINDOW SIZE: 2

TIMEOUT
SOURCE:   Singapore
DEST:     Fiji
SEQ NO:   1

DATA TRANSMITTED
SOURCE: Singapore
DEST: Fiji
THROUGH LINK: 1
SEQUENCE: 2
WINDOW SIZE: 7

TIMEOUT
SOURCE:   Singapore
DEST:     Brunei
SEQ NO:   1

DATA TRANSMITTED
SOURCE: Singapore
DEST: Brunei
THROUGH LINK: 1
SEQUENCE: 6
WINDOW SIZE: 7

					DATA RECEIVED
					SOURCE:  Malaysia
					DEST:    Singapore
					IN LINK: 2
					SEQ NO:  2
					UP TO APPLICATION

ACK TRANSMITTED
SOURCE: Singapore
DEST: Malaysia
THROUGH LINK: 2
SEQUENCE: 2

					ACK RECEIVED
					DEST:    Singapore
					IN LINK: 2
					SEQ NO:  7
					WINDOW SIZE: 1

					ACK RECEIVED
					DEST:    Singapore
					IN LINK: 2
					SEQ NO:  8
					WINDOW SIZE: 0

TIMEOUT
SOURCE:   Singapore
DEST:     New Zealand
SEQ NO:   1

DATA TRANSMITTED
SOURCE: Singapore
DEST: New Zealand
THROUGH LINK: 1
SEQUENCE: 3
WINDOW SIZE: 7

					DATA RECEIVED
					SOURCE:  Malaysia
					DEST:    Singapore
					IN LINK: 2
					SEQ NO:  3
					UP TO APPLICATION

ACK TRANSMITTED
SOURCE: Singapore
DEST: Malaysia
THROUGH LINK: 2
SEQUENCE: 3

DATA TRANSMITTED
SOURCE: Singapore
DEST: Malaysia
THROUGH LINK: 2
SEQUENCE: 9
WINDOW SIZE: 1

TIMEOUT
SOURCE:   Singapore
DEST:     Indonesia
SEQ NO:   1

DATA TRANSMITTED
SOURCE: Singapore
DEST: Indonesia
THROUGH LINK: 1
SEQUENCE: 7
WINDOW SIZE: 7

TIMEOUT
SOURCE:   Singapore
DEST:     Brunei
SEQ NO:   1

DATA TRANSMITTED
SOURCE: Singapore
DEST: Brunei
THROUGH LINK: 1
SEQUENCE: 4
WINDOW SIZE: 7

TIMEOUT
SOURCE:   Singapore
DEST:     Fiji
SEQ NO:   1

DATA TRANSMITTED
SOURCE: Singapore
DEST: Fiji
THROUGH LINK: 1
SEQUENCE: 8
WINDOW SIZE: 7

					DATA RECEIVED
					SOURCE:  Malaysia
					DEST:    Singapore
					IN LINK: 2
					SEQ NO:  4
					UP TO APPLICATION

ACK TRANSMITTED
SOURCE: Singapore
DEST: Malaysia
THROUGH LINK: 2
SEQUENCE: 4

					ACK RECEIVED
					DEST:    Singapore
					IN LINK: 2
					SEQ NO:  9
					WINDOW SIZE: 0

TIMEOUT
SOURCE:   Singapore
DEST:     Indonesia
SEQ NO:   1

DATA TRANSMITTED
SOURCE: Singapore
DEST: Indonesia
THROUGH LINK: 1
SEQUENCE: 5
WINDOW SIZE: 7

TIMEOUT
SOURCE:   Singapore
DEST:     Fiji
SEQ NO:   1

DATA TRANSMITTED
SOURCE: Singapore
DEST: Fiji
THROUGH LINK: 1
SEQUENCE: 2
WINDOW SIZE: 7

					DATA RECEIVED
					SOURCE:  Indonesia
					DEST:    Singapore
					IN LINK: 1
					SEQ NO:  10
					UP TO APPLICATION

ACK TRANSMITTED
SOURCE: Singapore
DEST: Indonesia
THROUGH LINK: 1
SEQUENCE: 10

					DATA RECEIVED
					SOURCE:  Indonesia
					DEST:    Singapore
					IN LINK: 1
					SEQ NO:  0
					UP TO APPLICATION

ACK TRANSMITTED
SOURCE: Singapore
DEST: Indonesia
THROUGH LINK: 1
SEQUENCE: 0

DATA TRANSMITTED
SOURCE: Singapore
DEST: New Zealand
THROUGH LINK: 1
SEQUENCE: 9
WINDOW SIZE: 8

					DATA RECEIVED
					SOURCE:  Malaysia
					DEST:    Singapore
					IN LINK: 2
					SEQ NO:  5
					UP TO APPLICATION

ACK TRANSMITTED
SOURCE: Singapore
DEST: Malaysia
THROUGH LINK: 2
SEQUENCE: 5

DATA TRANSMITTED
SOURCE: Singapore
DEST: Malaysia
THROUGH LINK: 2
SEQUENCE: 10
WINDOW SIZE: 1

					DATA RECEIVED
					SOURCE:  Malaysia
					DEST:    Singapore
					IN LINK: 2
					SEQ NO:  6
					UP TO APPLICATION

ACK TRANSMITTED
SOURCE: Singapore
DEST: Malaysia
THROUGH LINK: 2
SEQUENCE: 6

					ACK RECEIVED
					DEST:    Singapore
					IN LINK: 1
					SEQ NO:  2
					WINDOW SIZE: 7

DATA TRANSMITTED
SOURCE: Singapore
DEST: Australia
THROUGH LINK: 1
SEQUENCE: 10
WINDOW SIZE: 8

					DATA RECEIVED
					SOURCE:  Malaysia
					DEST:    Singapore
					IN LINK: 2
					SEQ NO:  7
					UP TO APPLICATION

ACK TRANSMITTED
SOURCE: Singapore
DEST: Malaysia
THROUGH LINK: 2
SEQUENCE: 7

TIMEOUT
SOURCE:   Singapore
DEST:     Brunei
SEQ NO:   1

DATA TRANSMITTED
SOURCE: Singapore
DEST: Brunei
THROUGH LINK: 1
SEQUENCE: 6
WINDOW SIZE: 8

TIMEOUT
SOURCE:   Singapore
DEST:     New Zealand
SEQ NO:   1

DATA TRANSMITTED
SOURCE: Singapore
DEST: New Zealand
THROUGH LINK: 1
SEQUENCE: 3
WINDOW SIZE: 8

DATA TRANSMITTED
SOURCE: Singapore
DEST: Fiji
THROUGH LINK: 1
SEQUENCE: 0
WINDOW SIZE: 9

					DATA RECEIVED
					SOURCE:  Indonesia
					DEST:    Singapore
					IN LINK: 1
					SEQ NO:  1
					UP TO APPLICATION

ACK TRANSMITTED
SOURCE: Singapore
DEST: Indonesia
THROUGH LINK: 1
SEQUENCE: 1

					DATA RECEIVED
					SOURCE:  Malaysia
					DEST:    Singapore
					IN LINK: 2
					SEQ NO:  8
					UP TO APPLICATION

ACK TRANSMITTED
SOURCE: Singapore
DEST: Malaysia
THROUGH LINK: 2
SEQUENCE: 8

					ACK RECEIVED
					DEST:    Singapore
					IN LINK: 2
					SEQ NO:  10
					WINDOW SIZE: 0

TIMEOUT
SOURCE:   Singapore
DEST:     Indonesia
SEQ NO:   1

DATA TRANSMITTED
SOURCE: Singapore
DEST: Indonesia
THROUGH LINK: 1
SEQUENCE: 7
WINDOW SIZE: 9

					DATA RECEIVED
					SOURCE:  Malaysia
					DEST:    Singapore
					IN LINK: 2
					SEQ NO:  9
					UP TO APPLICATION

ACK TRANSMITTED
SOURCE: Singapore
DEST: Malaysia
THROUGH LINK: 2
SEQUENCE: 9

TIMEOUT
SOURCE:   Singapore
DEST:     Fiji
SEQ NO:   1

DATA TRANSMITTED
SOURCE: Singapore
DEST: Fiji
THROUGH LINK: 1
SEQUENCE: 8
WINDOW SIZE: 9

TIMEOUT
SOURCE:   Singapore
DEST:     Brunei
SEQ NO:   1

DATA TRANSMITTED
SOURCE: Singapore
DEST: Brunei
THROUGH LINK: 1
SEQUENCE: 4
WINDOW SIZE: 9

DATA TRANSMITTED
SOURCE: Singapore
DEST: Malaysia
THROUGH LINK: 2
SEQUENCE: 0
WINDOW SIZE: 1

					DATA RECEIVED
					SOURCE:  Malaysia
					DEST:    Singapore
					IN LINK: 2
					SEQ NO:  10
					UP TO APPLICATION

ACK TRANSMITTED
SOURCE: Singapore
DEST: Malaysia
THROUGH LINK: 2
SEQUENCE: 10

					ACK RECEIVED
					DEST:    Singapore
					IN LINK: 1
					SEQ NO:  3
					WINDOW SIZE: 8

DATA TRANSMITTED
SOURCE: Singapore
DEST: Malaysia
THROUGH LINK: 2
SEQUENCE: 1
WINDOW SIZE: 2

TIMEOUT
SOURCE:   Singapore
DEST:     Indonesia
SEQ NO:   1

DATA TRANSMITTED
SOURCE: Singapore
DEST: Indonesia
THROUGH LINK: 1
SEQUENCE: 5
WINDOW SIZE: 8

					DATA RECEIVED
					SOURCE:  Indonesia
					DEST:    Singapore
					IN LINK: 1
					SEQ NO:  3
					WRONG SEQUENCE NUMBER, DROPPED.
					EXPECTING: 2 GOT: 3

					DATA RECEIVED
					SOURCE:  Indonesia
					DEST:    Singapore
					IN LINK: 1
					SEQ NO:  4
					WRONG SEQUENCE NUMBER, DROPPED.
					EXPECTING: 2 GOT: 4

TIMEOUT
SOURCE:   Singapore
DEST:     New Zealand
SEQ NO:   1

DATA TRANSMITTED
SOURCE: Singapore
DEST: New Zealand
THROUGH LINK: 1
SEQUENCE: 9
WINDOW SIZE: 8

DATA TRANSMITTED
SOURCE: Singapore
DEST: Malaysia
THROUGH LINK: 2
SEQUENCE: 2
WINDOW SIZE: 3

					ACK RECEIVED
					DEST:    Singapore
					IN LINK: 1
					SEQ NO:  4
					WINDOW SIZE: 7

					ACK RECEIVED
					DEST:    Singapore
					IN LINK: 2
					SEQ NO:  0
					WINDOW SIZE: 2

DATA TRANSMITTED
SOURCE: Singapore
DEST: Brunei
THROUGH LINK: 1
SEQUENCE: 1
WINDOW SIZE: 8

					ACK RECEIVED
					DEST:    Singapore
					IN LINK: 1
					SEQ NO:  5
					WINDOW SIZE: 7

					DATA RECEIVED
					SOURCE:  Malaysia
					DEST:    Singapore
					IN LINK: 2
					SEQ NO:  0
					UP TO APPLICATION

ACK TRANSMITTED
SOURCE: Singapore
DEST: Malaysia
THROUGH LINK: 2
SEQUENCE: 0

					FRAME RECEIVED
					BAD CHECKSUM

					ACK RECEIVED
					DEST:    Singapore
					IN LINK: 2
					SEQ NO:  2
					WINDOW SIZE: 1

					RESENDING FRAMES UP TO 1

DATA TRANSMITTED
SOURCE: Singapore
DEST: Australia
THROUGH LINK: 1
SEQUENCE: 2
WINDOW SIZE: 8

TIMEOUT
SOURCE:   Singapore
DEST:     Brunei
SEQ NO:   1

DATA TRANSMITTED
SOURCE: Singapore
DEST: Brunei
THROUGH LINK: 1
SEQUENCE: 6
WINDOW SIZE: 8

TIMEOUT
SOURCE:   Singapore
DEST:     Australia
SEQ NO:   1

DATA TRANSMITTED
SOURCE: Singapore
DEST: Australia
THROUGH LINK: 1
SEQUENCE: 10
WINDOW SIZE: 8

DATA TRANSMITTED
SOURCE: Singapore
DEST: Malaysia
THROUGH LINK: 2
SEQUENCE: 3
WINDOW SIZE: 1

TIMEOUT
SOURCE:   Singapore
DEST:     Fiji
SEQ NO:   1

DATA TRANSMITTED
SOURCE: Singapore
DEST: Fiji
THROUGH LINK: 1
SEQUENCE: 8
WINDOW SIZE: 8

TIMEOUT
SOURCE:   Singapore
DEST:     Fiji
SEQ NO:   1

DATA TRANSMITTED
SOURCE: Singapore
DEST: Fiji
THROUGH LINK: 1
SEQUENCE: 0
WINDOW SIZE: 8

					DATA RECEIVED
					SOURCE:  Indonesia
					DEST:    Singapore
					IN LINK: 1
					SEQ NO:  5
					WRONG SEQUENCE NUMBER, DROPPED.
					EXPECTING: 2 GOT: 5

					DATA RECEIVED
					SOURCE:  Indonesia
					DEST:    Singapore
					IN LINK: 1
					SEQ NO:  6
					WRONG SEQUENCE NUMBER, DROPPED.
					EXPECTING: 2 GOT: 6

DATA TRANSMITTED
SOURCE: Singapore
DEST: Australia
THROUGH LINK: 1
SEQUENCE: 3
WINDOW SIZE: 9

TIMEOUT
SOURCE:   Singapore
DEST:     Indonesia
SEQ NO:   1

DATA TRANSMITTED
SOURCE: Singapore
DEST: Indonesia
THROUGH LINK: 1
SEQUENCE: 7
WINDOW SIZE: 9

					ACK RECEIVED
					DEST:    Singapore
					IN LINK: 1
					SEQ NO:  6
					WINDOW SIZE: 8

					ACK RECEIVED
					DEST:    Singapore
					IN LINK: 2
					SEQ NO:  3
					WINDOW SIZE: 0

TIMEOUT
SOURCE:   Singapore
DEST:     New Zealand
SEQ NO:   1

DATA TRANSMITTED
SOURCE: Singapore
DEST: New Zealand
THROUGH LINK: 1
SEQUENCE: 9
WINDOW SIZE: 8

					DATA RECEIVED
					SOURCE:  Indonesia
					DEST:    Singapore
					IN LINK: 1
					SEQ NO:  4
					WRONG SEQUENCE NUMBER, DROPPED.
					EXPECTING: 2 GOT: 4

					DATA RECEIVED
					SOURCE:  Indonesia
					DEST:    Singapore
					IN LINK: 1
					SEQ NO:  2
					UP TO APPLICATION

ACK TRANSMITTED
SOURCE: Singapore
DEST: Indonesia
THROUGH LINK: 1
SEQUENCE: 2

					DATA RECEIVED
					SOURCE:  Indonesia
					DEST:    Singapore
					IN LINK: 1
					SEQ NO:  7
					WRONG SEQUENCE NUMBER, DROPPED.
					EXPECTING: 3 GOT: 7

					DATA RECEIVED
					SOURCE:  Indonesia
					DEST:    Singapore
					IN LINK: 1
					SEQ NO:  3
					UP TO APPLICATION

ACK TRANSMITTED
SOURCE: Singapore
DEST: Indonesia
THROUGH LINK: 1
SEQUENCE: 3

					DATA RECEIVED
					SOURCE:  Indonesia
					DEST:    Singapore
					IN LINK: 1
					SEQ NO:  8
					WRONG SEQUENCE NUMBER, DROPPED.
					EXPECTING: 4 GOT: 8

					DATA RECEIVED
					SOURCE:  Indonesia
					DEST:    Singapore
					IN LINK: 1
					SEQ NO:  9
					WRONG SEQUENCE NUMBER, DROPPED.
					EXPECTING: 4 GOT: 9

					ACK RECEIVED
					DEST:    Singapore
					IN LINK: 1
					SEQ NO:  7
					WINDOW SIZE: 7

					DATA RECEIVED
					SOURCE:  Indonesia
					DEST:    Singapore
					IN LINK: 1
					SEQ NO:  10
					WRONG SEQUENCE NUMBER, DROPPED.
					EXPECTING: 4 GOT: 10

DATA TRANSMITTED
SOURCE: Singapore
DEST: Indonesia
THROUGH LINK: 1
SEQUENCE: 4
WINDOW SIZE: 8

					DATA RECEIVED
					SOURCE:  Indonesia
					DEST:    Singapore
					IN LINK: 1
					SEQ NO:  0
					WRONG SEQUENCE NUMBER, DROPPED.
					EXPECTING: 4 GOT: 0

TIMEOUT
SOURCE:   Singapore
DEST:     Brunei
SEQ NO:   1

DATA TRANSMITTED
SOURCE: Singapore
DEST: Brunei
THROUGH LINK: 1
SEQUENCE: 1
WINDOW SIZE: 8

DATA TRANSMITTED
SOURCE: Singapore
DEST: New Zealand
THROUGH LINK: 1
SEQUENCE: 5
WINDOW SIZE: 9

TIMEOUT
SOURCE:   Singapore
DEST:     Australia
SEQ NO:   1

DATA TRANSMITTED
SOURCE: Singapore
DEST: Australia
THROUGH LINK: 1
SEQUENCE: 2
WINDOW SIZE: 9

DATA TRANSMITTED
SOURCE: Singapore
DEST: New Zealand
THROUGH LINK: 1
SEQUENCE: 6
WINDOW SIZE: 10

Disabling application for link 1

DATA TRANSMITTED
SOURCE: Singapore
DEST: Malaysia
THROUGH LINK: 2
SEQUENCE: 4
WINDOW SIZE: 1

TIMEOUT
SOURCE:   Singapore
DEST:     Fiji
SEQ NO:   1

DATA TRANSMITTED
SOURCE: Singapore
DEST: Fiji
THROUGH LINK: 1
SEQUENCE: 8
WINDOW SIZE: 10

					DATA RECEIVED
					SOURCE:  Indonesia
					DEST:    Singapore
					IN LINK: 1
					SEQ NO:  6
					WRONG SEQUENCE NUMBER, DROPPED.
					EXPECTING: 4 GOT: 6

TIMEOUT
SOURCE:   Singapore
DEST:     Australia
SEQ NO:   1

DATA TRANSMITTED
SOURCE: Singapore
DEST: Australia
THROUGH LINK: 1
SEQUENCE: 3
WINDOW SIZE: 10

TIMEOUT
SOURCE:   Singapore
DEST:     Australia
SEQ NO:   1

DATA TRANSMITTED
SOURCE: Singapore
DEST: Australia
THROUGH LINK: 1
SEQUENCE: 10
WINDOW SIZE: 10

DATA TRANSMITTED
SOURCE: Singapore
DEST: Malaysia
THROUGH LINK: 2
SEQUENCE: 5
WINDOW SIZE: 2

TIMEOUT
SOURCE:   Singapore
DEST:     New Zealand
SEQ NO:   1

DATA TRANSMITTED
SOURCE: Singapore
DEST: New Zealand
THROUGH LINK: 1
SEQUENCE: 9
WINDOW SIZE: 10
